Fri Apr 22 03:57:24 2016
RFS[1]: Selected log 31 for thread 2 sequence 26258 dbid -38957701 branch 885904763
Fri Apr 22 03:57:25 2016
Archived Log entry 49820 added for thread 2 sequence 26257 ID 0xff0938b4 dest 1:
Fri Apr 22 04:12:25 2016
RFS[1]: Selected log 25 for thread 2 sequence 26259 dbid -38957701 branch 885904763
Fri Apr 22 04:12:26 2016
Archived Log entry 49822 added for thread 2 sequence 26258 ID 0xff0938b4 dest 1:
Fri Apr 22 04:27:23 2016
RFS[1]: Selected log 31 for thread 2 sequence 26260 dbid -38957701 branch 885904763
Fri Apr 22 04:27:24 2016
Archived Log entry 49824 added for thread 2 sequence 26259 ID 0xff0938b4 dest 1:
Fri Apr 22 04:42:24 2016
RFS[1]: Selected log 25 for thread 2 sequence 26261 dbid -38957701 branch 885904763
Fri Apr 22 04:42:25 2016
Archived Log entry 49826 added for thread 2 sequence 26260 ID 0xff0938b4 dest 1:
Fri Apr 22 04:57:25 2016
RFS[1]: Selected log 31 for thread 2 sequence 26262 dbid -38957701 branch 885904763
Fri Apr 22 04:57:26 2016
Archived Log entry 49828 added for thread 2 sequence 26261 ID 0xff0938b4 dest 1:
Fri Apr 22 05:12:23 2016
RFS[1]: Selected log 25 for thread 2 sequence 26263 dbid -38957701 branch 885904763
Fri Apr 22 05:12:24 2016
Archived Log entry 49830 added for thread 2 sequence 26262 ID 0xff0938b4 dest 1:
Fri Apr 22 05:27:24 2016
RFS[1]: Selected log 31 for thread 2 sequence 26264 dbid -38957701 branch 885904763
Fri Apr 22 05:27:25 2016
Archived Log entry 49832 added for thread 2 sequence 26263 ID 0xff0938b4 dest 1:
Fri Apr 22 05:42:25 2016
RFS[1]: Selected log 25 for thread 2 sequence 26265 dbid -38957701 branch 885904763
Fri Apr 22 05:42:26 2016
Archived Log entry 49834 added for thread 2 sequence 26264 ID 0xff0938b4 dest 1:
Fri Apr 22 05:57:24 2016
RFS[1]: Selected log 31 for thread 2 sequence 26266 dbid -38957701 branch 885904763
Fri Apr 22 05:57:24 2016
Archived Log entry 49836 added for thread 2 sequence 26265 ID 0xff0938b4 dest 1:
Fri Apr 22 06:12:25 2016
RFS[1]: Selected log 25 for thread 2 sequence 26267 dbid -38957701 branch 885904763
Fri Apr 22 06:12:25 2016
Archived Log entry 49838 added for thread 2 sequence 26266 ID 0xff0938b4 dest 1:
Fri Apr 22 06:27:26 2016
RFS[1]: Selected log 31 for thread 2 sequence 26268 dbid -38957701 branch 885904763
Fri Apr 22 06:27:26 2016
Archived Log entry 49840 added for thread 2 sequence 26267 ID 0xff0938b4 dest 1:
Fri Apr 22 06:42:24 2016
RFS[1]: Selected log 25 for thread 2 sequence 26269 dbid -38957701 branch 885904763
Fri Apr 22 06:42:24 2016
Archived Log entry 49842 added for thread 2 sequence 26268 ID 0xff0938b4 dest 1:
Fri Apr 22 06:57:25 2016
RFS[1]: Selected log 31 for thread 2 sequence 26270 dbid -38957701 branch 885904763
Fri Apr 22 06:57:25 2016
Archived Log entry 49844 added for thread 2 sequence 26269 ID 0xff0938b4 dest 1:
Fri Apr 22 07:12:26 2016
RFS[1]: Selected log 25 for thread 2 sequence 26271 dbid -38957701 branch 885904763
Fri Apr 22 07:12:26 2016
Archived Log entry 49846 added for thread 2 sequence 26270 ID 0xff0938b4 dest 1:
Fri Apr 22 07:27:27 2016
RFS[1]: Selected log 31 for thread 2 sequence 26272 dbid -38957701 branch 885904763
Fri Apr 22 07:27:28 2016
Archived Log entry 49848 added for thread 2 sequence 26271 ID 0xff0938b4 dest 1:
Fri Apr 22 07:42:25 2016
RFS[1]: Selected log 25 for thread 2 sequence 26273 dbid -38957701 branch 885904763
Fri Apr 22 07:42:26 2016
Archived Log entry 49850 added for thread 2 sequence 26272 ID 0xff0938b4 dest 1:
Fri Apr 22 07:57:26 2016
RFS[1]: Selected log 31 for thread 2 sequence 26274 dbid -38957701 branch 885904763
Fri Apr 22 07:57:27 2016
Archived Log entry 49852 added for thread 2 sequence 26273 ID 0xff0938b4 dest 1:
Fri Apr 22 08:12:27 2016
RFS[1]: Selected log 25 for thread 2 sequence 26275 dbid -38957701 branch 885904763
Fri Apr 22 08:12:28 2016
Archived Log entry 49854 added for thread 2 sequence 26274 ID 0xff0938b4 dest 1:
Fri Apr 22 08:27:25 2016
RFS[1]: Selected log 31 for thread 2 sequence 26276 dbid -38957701 branch 885904763
Fri Apr 22 08:27:26 2016
Archived Log entry 49856 added for thread 2 sequence 26275 ID 0xff0938b4 dest 1:
Fri Apr 22 08:42:26 2016
RFS[1]: Selected log 25 for thread 2 sequence 26277 dbid -38957701 branch 885904763
Fri Apr 22 08:42:26 2016
Archived Log entry 49858 added for thread 2 sequence 26276 ID 0xff0938b4 dest 1:
Fri Apr 22 08:57:27 2016
RFS[1]: Selected log 31 for thread 2 sequence 26278 dbid -38957701 branch 885904763
Fri Apr 22 08:57:28 2016
Archived Log entry 49860 added for thread 2 sequence 26277 ID 0xff0938b4 dest 1:
Fri Apr 22 09:12:25 2016
RFS[1]: Selected log 25 for thread 2 sequence 26279 dbid -38957701 branch 885904763
Fri Apr 22 09:12:26 2016
Archived Log entry 49862 added for thread 2 sequence 26278 ID 0xff0938b4 dest 1:
Fri Apr 22 09:27:27 2016
RFS[1]: Selected log 31 for thread 2 sequence 26280 dbid -38957701 branch 885904763
Fri Apr 22 09:27:27 2016
Archived Log entry 49864 added for thread 2 sequence 26279 ID 0xff0938b4 dest 1:
Fri Apr 22 09:42:28 2016
RFS[1]: Selected log 25 for thread 2 sequence 26281 dbid -38957701 branch 885904763
Fri Apr 22 09:42:28 2016
Archived Log entry 49866 added for thread 2 sequence 26280 ID 0xff0938b4 dest 1:
Fri Apr 22 09:57:26 2016
RFS[1]: Selected log 31 for thread 2 sequence 26282 dbid -38957701 branch 885904763
Fri Apr 22 09:57:27 2016
Archived Log entry 49868 added for thread 2 sequence 26281 ID 0xff0938b4 dest 1:
Fri Apr 22 10:12:27 2016
RFS[1]: Selected log 25 for thread 2 sequence 26283 dbid -38957701 branch 885904763
Fri Apr 22 10:12:27 2016
Archived Log entry 49870 added for thread 2 sequence 26282 ID 0xff0938b4 dest 1:
Fri Apr 22 10:27:28 2016
RFS[1]: Selected log 31 for thread 2 sequence 26284 dbid -38957701 branch 885904763
Fri Apr 22 10:27:29 2016
Archived Log entry 49872 added for thread 2 sequence 26283 ID 0xff0938b4 dest 1:
Fri Apr 22 10:42:26 2016
RFS[1]: Selected log 25 for thread 2 sequence 26285 dbid -38957701 branch 885904763
Fri Apr 22 10:42:27 2016
Archived Log entry 49874 added for thread 2 sequence 26284 ID 0xff0938b4 dest 1:
Fri Apr 22 10:57:27 2016
RFS[1]: Selected log 31 for thread 2 sequence 26286 dbid -38957701 branch 885904763
Fri Apr 22 10:57:28 2016
Archived Log entry 49876 added for thread 2 sequence 26285 ID 0xff0938b4 dest 1:
Fri Apr 22 11:12:28 2016
RFS[1]: Selected log 25 for thread 2 sequence 26287 dbid -38957701 branch 885904763
Fri Apr 22 11:12:28 2016
Archived Log entry 49878 added for thread 2 sequence 26286 ID 0xff0938b4 dest 1:
Fri Apr 22 11:27:29 2016
RFS[1]: Selected log 31 for thread 2 sequence 26288 dbid -38957701 branch 885904763
Fri Apr 22 11:27:30 2016
Archived Log entry 49880 added for thread 2 sequence 26287 ID 0xff0938b4 dest 1:
Fri Apr 22 11:42:27 2016
RFS[1]: Selected log 25 for thread 2 sequence 26289 dbid -38957701 branch 885904763
Fri Apr 22 11:42:28 2016
Archived Log entry 49882 added for thread 2 sequence 26288 ID 0xff0938b4 dest 1:
Fri Apr 22 11:57:29 2016
RFS[1]: Selected log 31 for thread 2 sequence 26290 dbid -38957701 branch 885904763
Fri Apr 22 11:57:29 2016
Archived Log entry 49884 added for thread 2 sequence 26289 ID 0xff0938b4 dest 1:
Fri Apr 22 12:12:27 2016
RFS[1]: Selected log 25 for thread 2 sequence 26291 dbid -38957701 branch 885904763
Fri Apr 22 12:12:27 2016
Archived Log entry 49886 added for thread 2 sequence 26290 ID 0xff0938b4 dest 1:
Fri Apr 22 12:27:28 2016
RFS[1]: Selected log 31 for thread 2 sequence 26292 dbid -38957701 branch 885904763
Fri Apr 22 12:27:28 2016
Archived Log entry 49888 added for thread 2 sequence 26291 ID 0xff0938b4 dest 1:
Fri Apr 22 12:42:29 2016
RFS[1]: Selected log 25 for thread 2 sequence 26293 dbid -38957701 branch 885904763
Fri Apr 22 12:42:29 2016
Archived Log entry 49890 added for thread 2 sequence 26292 ID 0xff0938b4 dest 1:
Fri Apr 22 12:57:30 2016
RFS[1]: Selected log 31 for thread 2 sequence 26294 dbid -38957701 branch 885904763
Fri Apr 22 12:57:31 2016
Archived Log entry 49892 added for thread 2 sequence 26293 ID 0xff0938b4 dest 1:
Fri Apr 22 13:12:28 2016
RFS[1]: Selected log 25 for thread 2 sequence 26295 dbid -38957701 branch 885904763
Fri Apr 22 13:12:29 2016
Archived Log entry 49894 added for thread 2 sequence 26294 ID 0xff0938b4 dest 1:
Fri Apr 22 13:27:29 2016
RFS[1]: Selected log 31 for thread 2 sequence 26296 dbid -38957701 branch 885904763
Fri Apr 22 13:27:30 2016
Archived Log entry 49896 added for thread 2 sequence 26295 ID 0xff0938b4 dest 1:
Fri Apr 22 13:42:30 2016
RFS[1]: Selected log 25 for thread 2 sequence 26297 dbid -38957701 branch 885904763
Fri Apr 22 13:42:30 2016
Archived Log entry 49898 added for thread 2 sequence 26296 ID 0xff0938b4 dest 1:
Fri Apr 22 13:57:28 2016
RFS[1]: Selected log 31 for thread 2 sequence 26298 dbid -38957701 branch 885904763
Fri Apr 22 13:57:29 2016
Archived Log entry 49900 added for thread 2 sequence 26297 ID 0xff0938b4 dest 1:
Fri Apr 22 14:12:29 2016
RFS[1]: Selected log 25 for thread 2 sequence 26299 dbid -38957701 branch 885904763
Fri Apr 22 14:12:30 2016
Archived Log entry 49902 added for thread 2 sequence 26298 ID 0xff0938b4 dest 1:
Fri Apr 22 14:27:32 2016
RFS[1]: Selected log 31 for thread 2 sequence 26300 dbid -38957701 branch 885904763
Fri Apr 22 14:27:33 2016
Archived Log entry 49904 added for thread 2 sequence 26299 ID 0xff0938b4 dest 1:
Fri Apr 22 14:42:29 2016
RFS[1]: Selected log 25 for thread 2 sequence 26301 dbid -38957701 branch 885904763
Fri Apr 22 14:42:29 2016
Archived Log entry 49906 added for thread 2 sequence 26300 ID 0xff0938b4 dest 1:
Fri Apr 22 14:57:30 2016
RFS[1]: Selected log 31 for thread 2 sequence 26302 dbid -38957701 branch 885904763
Fri Apr 22 14:57:30 2016
Archived Log entry 49908 added for thread 2 sequence 26301 ID 0xff0938b4 dest 1:
Fri Apr 22 15:12:31 2016
RFS[1]: Selected log 25 for thread 2 sequence 26303 dbid -38957701 branch 885904763
Fri Apr 22 15:12:32 2016
Archived Log entry 49910 added for thread 2 sequence 26302 ID 0xff0938b4 dest 1:
Fri Apr 22 15:27:29 2016
RFS[1]: Selected log 31 for thread 2 sequence 26304 dbid -38957701 branch 885904763
Fri Apr 22 15:27:30 2016
Archived Log entry 49912 added for thread 2 sequence 26303 ID 0xff0938b4 dest 1:
Fri Apr 22 15:42:30 2016
RFS[1]: Selected log 25 for thread 2 sequence 26305 dbid -38957701 branch 885904763
Fri Apr 22 15:42:30 2016
Archived Log entry 49914 added for thread 2 sequence 26304 ID 0xff0938b4 dest 1:
Fri Apr 22 15:57:31 2016
RFS[1]: Selected log 31 for thread 2 sequence 26306 dbid -38957701 branch 885904763
Fri Apr 22 15:57:32 2016
Archived Log entry 49916 added for thread 2 sequence 26305 ID 0xff0938b4 dest 1:
Fri Apr 22 16:12:29 2016
RFS[1]: Selected log 25 for thread 2 sequence 26307 dbid -38957701 branch 885904763
Fri Apr 22 16:12:30 2016
Archived Log entry 49918 added for thread 2 sequence 26306 ID 0xff0938b4 dest 1:
Fri Apr 22 16:27:30 2016
RFS[1]: Selected log 31 for thread 2 sequence 26308 dbid -38957701 branch 885904763
Fri Apr 22 16:27:31 2016
Archived Log entry 49920 added for thread 2 sequence 26307 ID 0xff0938b4 dest 1:
Fri Apr 22 16:42:31 2016
RFS[1]: Selected log 25 for thread 2 sequence 26309 dbid -38957701 branch 885904763
Fri Apr 22 16:42:32 2016
Archived Log entry 49922 added for thread 2 sequence 26308 ID 0xff0938b4 dest 1:
Fri Apr 22 16:57:29 2016
RFS[1]: Selected log 31 for thread 2 sequence 26310 dbid -38957701 branch 885904763
Fri Apr 22 16:57:30 2016
Archived Log entry 49924 added for thread 2 sequence 26309 ID 0xff0938b4 dest 1:
Fri Apr 22 17:12:31 2016
RFS[1]: Selected log 25 for thread 2 sequence 26311 dbid -38957701 branch 885904763
Fri Apr 22 17:12:31 2016
Archived Log entry 49926 added for thread 2 sequence 26310 ID 0xff0938b4 dest 1:
Fri Apr 22 17:27:32 2016
RFS[1]: Selected log 31 for thread 2 sequence 26312 dbid -38957701 branch 885904763
Fri Apr 22 17:27:32 2016
Archived Log entry 49928 added for thread 2 sequence 26311 ID 0xff0938b4 dest 1:
Fri Apr 22 17:42:30 2016
RFS[1]: Selected log 25 for thread 2 sequence 26313 dbid -38957701 branch 885904763
Fri Apr 22 17:42:30 2016
Archived Log entry 49930 added for thread 2 sequence 26312 ID 0xff0938b4 dest 1:
Fri Apr 22 17:57:31 2016
RFS[1]: Selected log 31 for thread 2 sequence 26314 dbid -38957701 branch 885904763
Fri Apr 22 17:57:31 2016
Archived Log entry 49932 added for thread 2 sequence 26313 ID 0xff0938b4 dest 1:
Fri Apr 22 18:12:32 2016
RFS[1]: Selected log 25 for thread 2 sequence 26315 dbid -38957701 branch 885904763
Fri Apr 22 18:12:32 2016
Archived Log entry 49934 added for thread 2 sequence 26314 ID 0xff0938b4 dest 1:
Fri Apr 22 18:27:33 2016
RFS[1]: Selected log 31 for thread 2 sequence 26316 dbid -38957701 branch 885904763
Fri Apr 22 18:27:33 2016
Archived Log entry 49936 added for thread 2 sequence 26315 ID 0xff0938b4 dest 1:
Fri Apr 22 18:42:31 2016
RFS[1]: Selected log 25 for thread 2 sequence 26317 dbid -38957701 branch 885904763
Fri Apr 22 18:42:31 2016
Archived Log entry 49938 added for thread 2 sequence 26316 ID 0xff0938b4 dest 1:
Fri Apr 22 18:57:32 2016
RFS[1]: Selected log 31 for thread 2 sequence 26318 dbid -38957701 branch 885904763
Fri Apr 22 18:57:32 2016
Archived Log entry 49940 added for thread 2 sequence 26317 ID 0xff0938b4 dest 1:
Fri Apr 22 19:12:33 2016
RFS[1]: Selected log 25 for thread 2 sequence 26319 dbid -38957701 branch 885904763
Fri Apr 22 19:12:33 2016
Archived Log entry 49942 added for thread 2 sequence 26318 ID 0xff0938b4 dest 1:
Fri Apr 22 19:27:31 2016
RFS[1]: Selected log 31 for thread 2 sequence 26320 dbid -38957701 branch 885904763
Fri Apr 22 19:27:32 2016
Archived Log entry 49944 added for thread 2 sequence 26319 ID 0xff0938b4 dest 1:
Fri Apr 22 19:42:32 2016
RFS[1]: Selected log 25 for thread 2 sequence 26321 dbid -38957701 branch 885904763
Fri Apr 22 19:42:33 2016
Archived Log entry 49946 added for thread 2 sequence 26320 ID 0xff0938b4 dest 1:
Fri Apr 22 19:57:33 2016
RFS[1]: Selected log 31 for thread 2 sequence 26322 dbid -38957701 branch 885904763
Fri Apr 22 19:57:34 2016
Archived Log entry 49948 added for thread 2 sequence 26321 ID 0xff0938b4 dest 1:
Fri Apr 22 20:12:34 2016
RFS[1]: Selected log 25 for thread 2 sequence 26323 dbid -38957701 branch 885904763
Fri Apr 22 20:12:34 2016
Archived Log entry 49950 added for thread 2 sequence 26322 ID 0xff0938b4 dest 1:
Fri Apr 22 20:27:32 2016
RFS[1]: Selected log 31 for thread 2 sequence 26324 dbid -38957701 branch 885904763
Fri Apr 22 20:27:33 2016
Archived Log entry 49952 added for thread 2 sequence 26323 ID 0xff0938b4 dest 1:
Fri Apr 22 20:42:33 2016
RFS[1]: Selected log 25 for thread 2 sequence 26325 dbid -38957701 branch 885904763
Fri Apr 22 20:42:33 2016
Archived Log entry 49954 added for thread 2 sequence 26324 ID 0xff0938b4 dest 1:
Fri Apr 22 20:57:34 2016
RFS[1]: Selected log 31 for thread 2 sequence 26326 dbid -38957701 branch 885904763
Fri Apr 22 20:57:34 2016
Archived Log entry 49956 added for thread 2 sequence 26325 ID 0xff0938b4 dest 1:
Fri Apr 22 21:12:32 2016
RFS[1]: Selected log 25 for thread 2 sequence 26327 dbid -38957701 branch 885904763
Fri Apr 22 21:12:32 2016
Archived Log entry 49958 added for thread 2 sequence 26326 ID 0xff0938b4 dest 1:
Fri Apr 22 21:27:33 2016
RFS[1]: Selected log 31 for thread 2 sequence 26328 dbid -38957701 branch 885904763
Fri Apr 22 21:27:33 2016
Archived Log entry 49960 added for thread 2 sequence 26327 ID 0xff0938b4 dest 1:
Fri Apr 22 21:42:34 2016
RFS[1]: Selected log 25 for thread 2 sequence 26329 dbid -38957701 branch 885904763
Fri Apr 22 21:42:35 2016
Archived Log entry 49962 added for thread 2 sequence 26328 ID 0xff0938b4 dest 1:
Fri Apr 22 21:57:32 2016
RFS[1]: Selected log 31 for thread 2 sequence 26330 dbid -38957701 branch 885904763
Fri Apr 22 21:57:33 2016
Archived Log entry 49964 added for thread 2 sequence 26329 ID 0xff0938b4 dest 1:
Fri Apr 22 22:12:33 2016
RFS[1]: Selected log 25 for thread 2 sequence 26331 dbid -38957701 branch 885904763
Fri Apr 22 22:12:38 2016
Archived Log entry 49966 added for thread 2 sequence 26330 ID 0xff0938b4 dest 1:
Fri Apr 22 22:27:35 2016
RFS[1]: Selected log 31 for thread 2 sequence 26332 dbid -38957701 branch 885904763
Fri Apr 22 22:27:35 2016
Archived Log entry 49968 added for thread 2 sequence 26331 ID 0xff0938b4 dest 1:
Fri Apr 22 22:42:33 2016
RFS[1]: Selected log 25 for thread 2 sequence 26333 dbid -38957701 branch 885904763
Fri Apr 22 22:42:33 2016
Archived Log entry 49970 added for thread 2 sequence 26332 ID 0xff0938b4 dest 1:
Fri Apr 22 22:57:34 2016
RFS[1]: Selected log 31 for thread 2 sequence 26334 dbid -38957701 branch 885904763
Fri Apr 22 22:57:34 2016
Archived Log entry 49972 added for thread 2 sequence 26333 ID 0xff0938b4 dest 1:
Fri Apr 22 23:12:35 2016
RFS[1]: Selected log 25 for thread 2 sequence 26335 dbid -38957701 branch 885904763
Fri Apr 22 23:12:35 2016
Archived Log entry 49974 added for thread 2 sequence 26334 ID 0xff0938b4 dest 1:
Fri Apr 22 23:27:33 2016
RFS[1]: Selected log 31 for thread 2 sequence 26336 dbid -38957701 branch 885904763
Fri Apr 22 23:27:34 2016
Archived Log entry 49976 added for thread 2 sequence 26335 ID 0xff0938b4 dest 1:
Fri Apr 22 23:42:34 2016
RFS[1]: Selected log 25 for thread 2 sequence 26337 dbid -38957701 branch 885904763
Fri Apr 22 23:42:35 2016
Archived Log entry 49978 added for thread 2 sequence 26336 ID 0xff0938b4 dest 1:
Fri Apr 22 23:57:35 2016
RFS[1]: Selected log 31 for thread 2 sequence 26338 dbid -38957701 branch 885904763
Fri Apr 22 23:57:35 2016
Archived Log entry 49980 added for thread 2 sequence 26337 ID 0xff0938b4 dest 1:
Sat Apr 23 00:12:36 2016
RFS[1]: Selected log 25 for thread 2 sequence 26339 dbid -38957701 branch 885904763
Sat Apr 23 00:12:37 2016
Archived Log entry 49982 added for thread 2 sequence 26338 ID 0xff0938b4 dest 1:
Sat Apr 23 00:27:34 2016
RFS[1]: Selected log 31 for thread 2 sequence 26340 dbid -38957701 branch 885904763
Sat Apr 23 00:27:35 2016
Archived Log entry 49984 added for thread 2 sequence 26339 ID 0xff0938b4 dest 1:
Sat Apr 23 00:42:35 2016
RFS[1]: Selected log 25 for thread 2 sequence 26341 dbid -38957701 branch 885904763
Sat Apr 23 00:42:35 2016
Archived Log entry 49986 added for thread 2 sequence 26340 ID 0xff0938b4 dest 1:
Sat Apr 23 00:57:36 2016
RFS[1]: Selected log 31 for thread 2 sequence 26342 dbid -38957701 branch 885904763
Sat Apr 23 00:57:37 2016
Archived Log entry 49988 added for thread 2 sequence 26341 ID 0xff0938b4 dest 1:
Sat Apr 23 01:12:34 2016
RFS[1]: Selected log 25 for thread 2 sequence 26343 dbid -38957701 branch 885904763
Sat Apr 23 01:12:35 2016
Archived Log entry 49990 added for thread 2 sequence 26342 ID 0xff0938b4 dest 1:
Sat Apr 23 01:27:35 2016
RFS[1]: Selected log 31 for thread 2 sequence 26344 dbid -38957701 branch 885904763
Sat Apr 23 01:27:36 2016
Archived Log entry 49992 added for thread 2 sequence 26343 ID 0xff0938b4 dest 1:
Sat Apr 23 01:42:36 2016
RFS[1]: Selected log 25 for thread 2 sequence 26345 dbid -38957701 branch 885904763
Sat Apr 23 01:42:37 2016
Archived Log entry 49994 added for thread 2 sequence 26344 ID 0xff0938b4 dest 1:
Sat Apr 23 01:57:35 2016
RFS[1]: Selected log 31 for thread 2 sequence 26346 dbid -38957701 branch 885904763
Sat Apr 23 01:57:35 2016
Archived Log entry 49996 added for thread 2 sequence 26345 ID 0xff0938b4 dest 1:
Sat Apr 23 02:12:36 2016
RFS[1]: Selected log 25 for thread 2 sequence 26347 dbid -38957701 branch 885904763
Sat Apr 23 02:12:36 2016
Archived Log entry 49998 added for thread 2 sequence 26346 ID 0xff0938b4 dest 1:
Sat Apr 23 02:27:37 2016
RFS[1]: Selected log 31 for thread 2 sequence 26348 dbid -38957701 branch 885904763
Sat Apr 23 02:27:37 2016
Archived Log entry 50000 added for thread 2 sequence 26347 ID 0xff0938b4 dest 1:
Sat Apr 23 02:42:35 2016
RFS[1]: Selected log 25 for thread 2 sequence 26349 dbid -38957701 branch 885904763
Sat Apr 23 02:42:35 2016
Archived Log entry 50002 added for thread 2 sequence 26348 ID 0xff0938b4 dest 1:
Sat Apr 23 02:57:36 2016
RFS[1]: Selected log 31 for thread 2 sequence 26350 dbid -38957701 branch 885904763
Sat Apr 23 02:57:36 2016
Archived Log entry 50004 added for thread 2 sequence 26349 ID 0xff0938b4 dest 1:
Sat Apr 23 03:12:37 2016
RFS[1]: Selected log 25 for thread 2 sequence 26351 dbid -38957701 branch 885904763
Sat Apr 23 03:12:37 2016
Archived Log entry 50006 added for thread 2 sequence 26350 ID 0xff0938b4 dest 1:
Sat Apr 23 03:27:38 2016
RFS[1]: Selected log 31 for thread 2 sequence 26352 dbid -38957701 branch 885904763
Sat Apr 23 03:27:39 2016
Archived Log entry 50008 added for thread 2 sequence 26351 ID 0xff0938b4 dest 1:
Sat Apr 23 03:42:36 2016
RFS[1]: Selected log 25 for thread 2 sequence 26353 dbid -38957701 branch 885904763
Sat Apr 23 03:42:36 2016
Archived Log entry 50010 added for thread 2 sequence 26352 ID 0xff0938b4 dest 1:
Sat Apr 23 03:57:37 2016
RFS[1]: Selected log 31 for thread 2 sequence 26354 dbid -38957701 branch 885904763
Sat Apr 23 03:57:37 2016
Archived Log entry 50012 added for thread 2 sequence 26353 ID 0xff0938b4 dest 1:
Sat Apr 23 04:12:38 2016
RFS[1]: Selected log 25 for thread 2 sequence 26355 dbid -38957701 branch 885904763
Sat Apr 23 04:12:38 2016
Archived Log entry 50014 added for thread 2 sequence 26354 ID 0xff0938b4 dest 1:
Sat Apr 23 04:27:36 2016
RFS[1]: Selected log 31 for thread 2 sequence 26356 dbid -38957701 branch 885904763
Sat Apr 23 04:27:37 2016
Archived Log entry 50016 added for thread 2 sequence 26355 ID 0xff0938b4 dest 1:
Sat Apr 23 04:42:37 2016
RFS[1]: Selected log 25 for thread 2 sequence 26357 dbid -38957701 branch 885904763
Sat Apr 23 04:42:37 2016
Archived Log entry 50018 added for thread 2 sequence 26356 ID 0xff0938b4 dest 1:
Sat Apr 23 04:57:38 2016
RFS[1]: Selected log 31 for thread 2 sequence 26358 dbid -38957701 branch 885904763
Sat Apr 23 04:57:38 2016
Archived Log entry 50020 added for thread 2 sequence 26357 ID 0xff0938b4 dest 1:
Sat Apr 23 05:12:39 2016
RFS[1]: Selected log 25 for thread 2 sequence 26359 dbid -38957701 branch 885904763
Sat Apr 23 05:12:39 2016
Archived Log entry 50022 added for thread 2 sequence 26358 ID 0xff0938b4 dest 1:
Sat Apr 23 05:27:37 2016
RFS[1]: Selected log 31 for thread 2 sequence 26360 dbid -38957701 branch 885904763
Sat Apr 23 05:27:37 2016
Archived Log entry 50024 added for thread 2 sequence 26359 ID 0xff0938b4 dest 1:
Sat Apr 23 05:42:38 2016
RFS[1]: Selected log 25 for thread 2 sequence 26361 dbid -38957701 branch 885904763
Sat Apr 23 05:42:38 2016
Archived Log entry 50026 added for thread 2 sequence 26360 ID 0xff0938b4 dest 1:
Sat Apr 23 05:57:39 2016
RFS[1]: Selected log 31 for thread 2 sequence 26362 dbid -38957701 branch 885904763
Sat Apr 23 05:57:39 2016
Archived Log entry 50028 added for thread 2 sequence 26361 ID 0xff0938b4 dest 1:
Sat Apr 23 06:12:37 2016
RFS[1]: Selected log 25 for thread 2 sequence 26363 dbid -38957701 branch 885904763
Sat Apr 23 06:12:40 2016
Archived Log entry 50030 added for thread 2 sequence 26362 ID 0xff0938b4 dest 1:
Sat Apr 23 06:27:38 2016
RFS[1]: Selected log 31 for thread 2 sequence 26364 dbid -38957701 branch 885904763
Sat Apr 23 06:27:39 2016
Archived Log entry 50032 added for thread 2 sequence 26363 ID 0xff0938b4 dest 1:
Sat Apr 23 06:42:39 2016
RFS[1]: Selected log 25 for thread 2 sequence 26365 dbid -38957701 branch 885904763
Sat Apr 23 06:42:40 2016
Archived Log entry 50034 added for thread 2 sequence 26364 ID 0xff0938b4 dest 1:
Sat Apr 23 06:57:38 2016
RFS[1]: Selected log 31 for thread 2 sequence 26366 dbid -38957701 branch 885904763
Sat Apr 23 06:57:38 2016
Archived Log entry 50036 added for thread 2 sequence 26365 ID 0xff0938b4 dest 1:
Sat Apr 23 07:12:38 2016
RFS[1]: Selected log 25 for thread 2 sequence 26367 dbid -38957701 branch 885904763
Sat Apr 23 07:12:39 2016
Archived Log entry 50038 added for thread 2 sequence 26366 ID 0xff0938b4 dest 1:
Sat Apr 23 07:27:40 2016
RFS[1]: Selected log 31 for thread 2 sequence 26368 dbid -38957701 branch 885904763
Sat Apr 23 07:27:40 2016
Archived Log entry 50040 added for thread 2 sequence 26367 ID 0xff0938b4 dest 1:
Sat Apr 23 07:42:38 2016
RFS[1]: Selected log 25 for thread 2 sequence 26369 dbid -38957701 branch 885904763
Sat Apr 23 07:42:38 2016
Archived Log entry 50042 added for thread 2 sequence 26368 ID 0xff0938b4 dest 1:
Sat Apr 23 07:57:39 2016
RFS[1]: Selected log 31 for thread 2 sequence 26370 dbid -38957701 branch 885904763
Sat Apr 23 07:57:39 2016
Archived Log entry 50044 added for thread 2 sequence 26369 ID 0xff0938b4 dest 1:
Sat Apr 23 08:12:40 2016
RFS[1]: Selected log 25 for thread 2 sequence 26371 dbid -38957701 branch 885904763
Sat Apr 23 08:12:40 2016
Archived Log entry 50046 added for thread 2 sequence 26370 ID 0xff0938b4 dest 1:
Sat Apr 23 08:27:38 2016
RFS[1]: Selected log 31 for thread 2 sequence 26372 dbid -38957701 branch 885904763
Sat Apr 23 08:27:38 2016
Archived Log entry 50048 added for thread 2 sequence 26371 ID 0xff0938b4 dest 1:
Sat Apr 23 08:42:39 2016
RFS[1]: Selected log 25 for thread 2 sequence 26373 dbid -38957701 branch 885904763
Sat Apr 23 08:42:39 2016
Archived Log entry 50050 added for thread 2 sequence 26372 ID 0xff0938b4 dest 1:
Sat Apr 23 08:57:40 2016
RFS[1]: Selected log 31 for thread 2 sequence 26374 dbid -38957701 branch 885904763
Sat Apr 23 08:57:40 2016
Archived Log entry 50052 added for thread 2 sequence 26373 ID 0xff0938b4 dest 1:
Sat Apr 23 09:12:41 2016
RFS[1]: Selected log 25 for thread 2 sequence 26375 dbid -38957701 branch 885904763
Sat Apr 23 09:12:41 2016
Archived Log entry 50054 added for thread 2 sequence 26374 ID 0xff0938b4 dest 1:
Sat Apr 23 09:27:39 2016
RFS[1]: Selected log 31 for thread 2 sequence 26376 dbid -38957701 branch 885904763
Sat Apr 23 09:27:40 2016
Archived Log entry 50056 added for thread 2 sequence 26375 ID 0xff0938b4 dest 1:
Sat Apr 23 09:42:40 2016
RFS[1]: Selected log 25 for thread 2 sequence 26377 dbid -38957701 branch 885904763
Sat Apr 23 09:42:41 2016
Archived Log entry 50058 added for thread 2 sequence 26376 ID 0xff0938b4 dest 1:
Sat Apr 23 09:57:41 2016
RFS[1]: Selected log 31 for thread 2 sequence 26378 dbid -38957701 branch 885904763
Sat Apr 23 09:57:42 2016
Archived Log entry 50060 added for thread 2 sequence 26377 ID 0xff0938b4 dest 1:
Sat Apr 23 10:12:39 2016
RFS[1]: Selected log 25 for thread 2 sequence 26379 dbid -38957701 branch 885904763
Sat Apr 23 10:12:40 2016
Archived Log entry 50062 added for thread 2 sequence 26378 ID 0xff0938b4 dest 1:
Sat Apr 23 10:27:40 2016
RFS[1]: Selected log 31 for thread 2 sequence 26380 dbid -38957701 branch 885904763
Sat Apr 23 10:27:41 2016
Archived Log entry 50064 added for thread 2 sequence 26379 ID 0xff0938b4 dest 1:
Sat Apr 23 10:42:41 2016
RFS[1]: Selected log 25 for thread 2 sequence 26381 dbid -38957701 branch 885904763
Sat Apr 23 10:42:42 2016
Archived Log entry 50066 added for thread 2 sequence 26380 ID 0xff0938b4 dest 1:
Sat Apr 23 10:57:39 2016
RFS[1]: Selected log 31 for thread 2 sequence 26382 dbid -38957701 branch 885904763
Sat Apr 23 10:57:40 2016
Archived Log entry 50068 added for thread 2 sequence 26381 ID 0xff0938b4 dest 1:
Sat Apr 23 11:12:40 2016
RFS[1]: Selected log 25 for thread 2 sequence 26383 dbid -38957701 branch 885904763
Sat Apr 23 11:12:41 2016
Archived Log entry 50070 added for thread 2 sequence 26382 ID 0xff0938b4 dest 1:
Sat Apr 23 11:27:42 2016
RFS[1]: Selected log 31 for thread 2 sequence 26384 dbid -38957701 branch 885904763
Sat Apr 23 11:27:42 2016
Archived Log entry 50072 added for thread 2 sequence 26383 ID 0xff0938b4 dest 1:
Sat Apr 23 11:42:42 2016
RFS[1]: Selected log 25 for thread 2 sequence 26385 dbid -38957701 branch 885904763
Sat Apr 23 11:42:43 2016
Archived Log entry 50074 added for thread 2 sequence 26384 ID 0xff0938b4 dest 1:
Sat Apr 23 11:57:41 2016
RFS[1]: Selected log 31 for thread 2 sequence 26386 dbid -38957701 branch 885904763
Sat Apr 23 11:57:41 2016
Archived Log entry 50076 added for thread 2 sequence 26385 ID 0xff0938b4 dest 1:
Sat Apr 23 12:12:41 2016
RFS[1]: Selected log 25 for thread 2 sequence 26387 dbid -38957701 branch 885904763
Sat Apr 23 12:12:42 2016
Archived Log entry 50078 added for thread 2 sequence 26386 ID 0xff0938b4 dest 1:
Sat Apr 23 12:27:42 2016
RFS[1]: Selected log 31 for thread 2 sequence 26388 dbid -38957701 branch 885904763
Sat Apr 23 12:27:43 2016
Archived Log entry 50080 added for thread 2 sequence 26387 ID 0xff0938b4 dest 1:
Sat Apr 23 12:42:40 2016
RFS[1]: Selected log 25 for thread 2 sequence 26389 dbid -38957701 branch 885904763
Sat Apr 23 12:42:40 2016
Archived Log entry 50082 added for thread 2 sequence 26388 ID 0xff0938b4 dest 1:
Sat Apr 23 12:57:42 2016
RFS[1]: Selected log 31 for thread 2 sequence 26390 dbid -38957701 branch 885904763
Sat Apr 23 12:57:42 2016
Archived Log entry 50084 added for thread 2 sequence 26389 ID 0xff0938b4 dest 1:
Sat Apr 23 13:12:43 2016
RFS[1]: Selected log 25 for thread 2 sequence 26391 dbid -38957701 branch 885904763
Sat Apr 23 13:12:43 2016
Archived Log entry 50086 added for thread 2 sequence 26390 ID 0xff0938b4 dest 1:
Sat Apr 23 13:27:41 2016
RFS[1]: Selected log 31 for thread 2 sequence 26392 dbid -38957701 branch 885904763
Sat Apr 23 13:27:41 2016
Archived Log entry 50088 added for thread 2 sequence 26391 ID 0xff0938b4 dest 1:
Sat Apr 23 13:42:42 2016
RFS[1]: Selected log 25 for thread 2 sequence 26393 dbid -38957701 branch 885904763
Sat Apr 23 13:42:42 2016
Archived Log entry 50090 added for thread 2 sequence 26392 ID 0xff0938b4 dest 1:
Sat Apr 23 13:57:43 2016
RFS[1]: Selected log 31 for thread 2 sequence 26394 dbid -38957701 branch 885904763
Sat Apr 23 13:57:43 2016
Archived Log entry 50092 added for thread 2 sequence 26393 ID 0xff0938b4 dest 1:
Sat Apr 23 14:12:41 2016
RFS[1]: Selected log 25 for thread 2 sequence 26395 dbid -38957701 branch 885904763
Sat Apr 23 14:12:42 2016
Archived Log entry 50094 added for thread 2 sequence 26394 ID 0xff0938b4 dest 1:
Sat Apr 23 14:27:42 2016
RFS[1]: Selected log 31 for thread 2 sequence 26396 dbid -38957701 branch 885904763
Sat Apr 23 14:27:43 2016
Archived Log entry 50096 added for thread 2 sequence 26395 ID 0xff0938b4 dest 1:
Sat Apr 23 14:42:43 2016
RFS[1]: Selected log 25 for thread 2 sequence 26397 dbid -38957701 branch 885904763
Sat Apr 23 14:42:43 2016
Archived Log entry 50098 added for thread 2 sequence 26396 ID 0xff0938b4 dest 1:
Sat Apr 23 14:57:42 2016
RFS[1]: Selected log 31 for thread 2 sequence 26398 dbid -38957701 branch 885904763
Sat Apr 23 14:57:42 2016
Archived Log entry 50100 added for thread 2 sequence 26397 ID 0xff0938b4 dest 1:
Sat Apr 23 15:12:43 2016
RFS[1]: Selected log 25 for thread 2 sequence 26399 dbid -38957701 branch 885904763
Sat Apr 23 15:12:43 2016
Archived Log entry 50102 added for thread 2 sequence 26398 ID 0xff0938b4 dest 1:
Sat Apr 23 15:27:44 2016
RFS[1]: Selected log 31 for thread 2 sequence 26400 dbid -38957701 branch 885904763
Sat Apr 23 15:27:44 2016
Archived Log entry 50104 added for thread 2 sequence 26399 ID 0xff0938b4 dest 1:
Sat Apr 23 15:42:42 2016
RFS[1]: Selected log 25 for thread 2 sequence 26401 dbid -38957701 branch 885904763
Sat Apr 23 15:42:42 2016
Archived Log entry 50106 added for thread 2 sequence 26400 ID 0xff0938b4 dest 1:
Sat Apr 23 15:57:43 2016
RFS[1]: Selected log 31 for thread 2 sequence 26402 dbid -38957701 branch 885904763
Sat Apr 23 15:57:43 2016
Archived Log entry 50108 added for thread 2 sequence 26401 ID 0xff0938b4 dest 1:
Sat Apr 23 16:12:44 2016
RFS[1]: Selected log 25 for thread 2 sequence 26403 dbid -38957701 branch 885904763
Sat Apr 23 16:12:44 2016
Archived Log entry 50110 added for thread 2 sequence 26402 ID 0xff0938b4 dest 1:
Sat Apr 23 16:27:45 2016
RFS[1]: Selected log 31 for thread 2 sequence 26404 dbid -38957701 branch 885904763
Sat Apr 23 16:27:45 2016
Archived Log entry 50112 added for thread 2 sequence 26403 ID 0xff0938b4 dest 1:
Sat Apr 23 16:42:43 2016
RFS[1]: Selected log 25 for thread 2 sequence 26405 dbid -38957701 branch 885904763
Sat Apr 23 16:42:43 2016
Archived Log entry 50114 added for thread 2 sequence 26404 ID 0xff0938b4 dest 1:
Sat Apr 23 16:57:44 2016
RFS[1]: Selected log 31 for thread 2 sequence 26406 dbid -38957701 branch 885904763
Sat Apr 23 16:57:44 2016
Archived Log entry 50116 added for thread 2 sequence 26405 ID 0xff0938b4 dest 1:
Sat Apr 23 17:12:45 2016
RFS[1]: Selected log 25 for thread 2 sequence 26407 dbid -38957701 branch 885904763
Sat Apr 23 17:12:45 2016
Archived Log entry 50118 added for thread 2 sequence 26406 ID 0xff0938b4 dest 1:
Sat Apr 23 17:27:43 2016
RFS[1]: Selected log 31 for thread 2 sequence 26408 dbid -38957701 branch 885904763
Sat Apr 23 17:27:43 2016
Archived Log entry 50120 added for thread 2 sequence 26407 ID 0xff0938b4 dest 1:
Sat Apr 23 17:42:45 2016
RFS[1]: Selected log 25 for thread 2 sequence 26409 dbid -38957701 branch 885904763
Sat Apr 23 17:42:45 2016
Archived Log entry 50122 added for thread 2 sequence 26408 ID 0xff0938b4 dest 1:
Sat Apr 23 17:57:43 2016
RFS[1]: Selected log 31 for thread 2 sequence 26410 dbid -38957701 branch 885904763
Sat Apr 23 17:57:43 2016
Archived Log entry 50124 added for thread 2 sequence 26409 ID 0xff0938b4 dest 1:
Sat Apr 23 18:12:44 2016
RFS[1]: Selected log 25 for thread 2 sequence 26411 dbid -38957701 branch 885904763
Sat Apr 23 18:12:44 2016
Archived Log entry 50126 added for thread 2 sequence 26410 ID 0xff0938b4 dest 1:
Sat Apr 23 18:27:45 2016
RFS[1]: Selected log 31 for thread 2 sequence 26412 dbid -38957701 branch 885904763
Sat Apr 23 18:27:45 2016
Archived Log entry 50128 added for thread 2 sequence 26411 ID 0xff0938b4 dest 1:
Sat Apr 23 18:42:46 2016
RFS[1]: Selected log 25 for thread 2 sequence 26413 dbid -38957701 branch 885904763
Sat Apr 23 18:42:46 2016
Archived Log entry 50130 added for thread 2 sequence 26412 ID 0xff0938b4 dest 1:
Sat Apr 23 18:57:44 2016
RFS[1]: Selected log 31 for thread 2 sequence 26414 dbid -38957701 branch 885904763
Sat Apr 23 18:57:44 2016
Archived Log entry 50132 added for thread 2 sequence 26413 ID 0xff0938b4 dest 1:
Sat Apr 23 19:12:45 2016
RFS[1]: Selected log 25 for thread 2 sequence 26415 dbid -38957701 branch 885904763
Sat Apr 23 19:12:45 2016
Archived Log entry 50134 added for thread 2 sequence 26414 ID 0xff0938b4 dest 1:
Sat Apr 23 19:27:46 2016
RFS[1]: Selected log 31 for thread 2 sequence 26416 dbid -38957701 branch 885904763
Sat Apr 23 19:27:46 2016
Archived Log entry 50136 added for thread 2 sequence 26415 ID 0xff0938b4 dest 1:
Sat Apr 23 19:42:44 2016
RFS[1]: Selected log 25 for thread 2 sequence 26417 dbid -38957701 branch 885904763
Sat Apr 23 19:42:44 2016
Archived Log entry 50138 added for thread 2 sequence 26416 ID 0xff0938b4 dest 1:
Sat Apr 23 19:57:45 2016
RFS[1]: Selected log 31 for thread 2 sequence 26418 dbid -38957701 branch 885904763
Sat Apr 23 19:57:46 2016
Archived Log entry 50140 added for thread 2 sequence 26417 ID 0xff0938b4 dest 1:
Sat Apr 23 20:12:46 2016
RFS[1]: Selected log 25 for thread 2 sequence 26419 dbid -38957701 branch 885904763
Sat Apr 23 20:12:46 2016
Archived Log entry 50142 added for thread 2 sequence 26418 ID 0xff0938b4 dest 1:
Sat Apr 23 20:27:44 2016
RFS[1]: Selected log 31 for thread 2 sequence 26420 dbid -38957701 branch 885904763
Sat Apr 23 20:27:45 2016
Archived Log entry 50144 added for thread 2 sequence 26419 ID 0xff0938b4 dest 1:
Sat Apr 23 20:42:45 2016
RFS[1]: Selected log 25 for thread 2 sequence 26421 dbid -38957701 branch 885904763
Sat Apr 23 20:42:45 2016
Archived Log entry 50146 added for thread 2 sequence 26420 ID 0xff0938b4 dest 1:
Sat Apr 23 20:57:46 2016
RFS[1]: Selected log 31 for thread 2 sequence 26422 dbid -38957701 branch 885904763
Sat Apr 23 20:57:46 2016
Archived Log entry 50148 added for thread 2 sequence 26421 ID 0xff0938b4 dest 1:
Sat Apr 23 21:12:47 2016
RFS[1]: Selected log 25 for thread 2 sequence 26423 dbid -38957701 branch 885904763
Sat Apr 23 21:12:47 2016
Archived Log entry 50150 added for thread 2 sequence 26422 ID 0xff0938b4 dest 1:
Sat Apr 23 21:27:46 2016
RFS[1]: Selected log 31 for thread 2 sequence 26424 dbid -38957701 branch 885904763
Sat Apr 23 21:27:46 2016
Archived Log entry 50152 added for thread 2 sequence 26423 ID 0xff0938b4 dest 1:
Sat Apr 23 21:42:46 2016
RFS[1]: Selected log 25 for thread 2 sequence 26425 dbid -38957701 branch 885904763
Sat Apr 23 21:42:46 2016
Archived Log entry 50154 added for thread 2 sequence 26424 ID 0xff0938b4 dest 1:
Sat Apr 23 21:57:47 2016
RFS[1]: Selected log 31 for thread 2 sequence 26426 dbid -38957701 branch 885904763
Sat Apr 23 21:57:48 2016
Archived Log entry 50156 added for thread 2 sequence 26425 ID 0xff0938b4 dest 1:
Sat Apr 23 22:12:45 2016
RFS[1]: Selected log 25 for thread 2 sequence 26427 dbid -38957701 branch 885904763
Sat Apr 23 22:12:46 2016
Archived Log entry 50158 added for thread 2 sequence 26426 ID 0xff0938b4 dest 1:
Sat Apr 23 22:27:46 2016
RFS[1]: Selected log 31 for thread 2 sequence 26428 dbid -38957701 branch 885904763
Sat Apr 23 22:27:47 2016
Archived Log entry 50160 added for thread 2 sequence 26427 ID 0xff0938b4 dest 1:
Sat Apr 23 22:42:47 2016
RFS[1]: Selected log 25 for thread 2 sequence 26429 dbid -38957701 branch 885904763
Sat Apr 23 22:42:48 2016
Archived Log entry 50162 added for thread 2 sequence 26428 ID 0xff0938b4 dest 1:
Sat Apr 23 22:57:49 2016
RFS[1]: Selected log 31 for thread 2 sequence 26430 dbid -38957701 branch 885904763
Sat Apr 23 22:57:49 2016
Archived Log entry 50164 added for thread 2 sequence 26429 ID 0xff0938b4 dest 1:
Sat Apr 23 23:12:47 2016
RFS[1]: Selected log 25 for thread 2 sequence 26431 dbid -38957701 branch 885904763
Sat Apr 23 23:12:47 2016
Archived Log entry 50166 added for thread 2 sequence 26430 ID 0xff0938b4 dest 1:
Sat Apr 23 23:27:48 2016
RFS[1]: Selected log 31 for thread 2 sequence 26432 dbid -38957701 branch 885904763
Sat Apr 23 23:27:48 2016
Archived Log entry 50168 added for thread 2 sequence 26431 ID 0xff0938b4 dest 1:
Sat Apr 23 23:42:49 2016
RFS[1]: Selected log 25 for thread 2 sequence 26433 dbid -38957701 branch 885904763
Sat Apr 23 23:42:49 2016
Archived Log entry 50170 added for thread 2 sequence 26432 ID 0xff0938b4 dest 1:
Sat Apr 23 23:57:47 2016
RFS[1]: Selected log 31 for thread 2 sequence 26434 dbid -38957701 branch 885904763
Sat Apr 23 23:57:47 2016
Archived Log entry 50172 added for thread 2 sequence 26433 ID 0xff0938b4 dest 1:
Sun Apr 24 00:12:48 2016
RFS[1]: Selected log 25 for thread 2 sequence 26435 dbid -38957701 branch 885904763
Sun Apr 24 00:12:48 2016
Archived Log entry 50174 added for thread 2 sequence 26434 ID 0xff0938b4 dest 1:
Sun Apr 24 00:27:49 2016
RFS[1]: Selected log 31 for thread 2 sequence 26436 dbid -38957701 branch 885904763
Sun Apr 24 00:27:49 2016
Archived Log entry 50176 added for thread 2 sequence 26435 ID 0xff0938b4 dest 1:
Sun Apr 24 00:42:47 2016
RFS[1]: Selected log 25 for thread 2 sequence 26437 dbid -38957701 branch 885904763
Sun Apr 24 00:42:48 2016
Archived Log entry 50178 added for thread 2 sequence 26436 ID 0xff0938b4 dest 1:
Sun Apr 24 00:57:48 2016
RFS[1]: Selected log 31 for thread 2 sequence 26438 dbid -38957701 branch 885904763
Sun Apr 24 00:57:48 2016
Archived Log entry 50180 added for thread 2 sequence 26437 ID 0xff0938b4 dest 1:
Sun Apr 24 01:12:49 2016
RFS[1]: Selected log 25 for thread 2 sequence 26439 dbid -38957701 branch 885904763
Sun Apr 24 01:12:49 2016
Archived Log entry 50182 added for thread 2 sequence 26438 ID 0xff0938b4 dest 1:
Sun Apr 24 01:27:50 2016
RFS[1]: Selected log 31 for thread 2 sequence 26440 dbid -38957701 branch 885904763
Sun Apr 24 01:27:50 2016
Archived Log entry 50184 added for thread 2 sequence 26439 ID 0xff0938b4 dest 1:
Sun Apr 24 01:42:48 2016
RFS[1]: Selected log 25 for thread 2 sequence 26441 dbid -38957701 branch 885904763
Sun Apr 24 01:42:48 2016
Archived Log entry 50186 added for thread 2 sequence 26440 ID 0xff0938b4 dest 1:
Sun Apr 24 01:57:49 2016
RFS[1]: Selected log 31 for thread 2 sequence 26442 dbid -38957701 branch 885904763
Sun Apr 24 01:57:49 2016
Archived Log entry 50188 added for thread 2 sequence 26441 ID 0xff0938b4 dest 1:
Sun Apr 24 02:12:50 2016
RFS[1]: Selected log 25 for thread 2 sequence 26443 dbid -38957701 branch 885904763
Sun Apr 24 02:12:50 2016
Archived Log entry 50190 added for thread 2 sequence 26442 ID 0xff0938b4 dest 1:
Sun Apr 24 02:27:48 2016
RFS[1]: Selected log 31 for thread 2 sequence 26444 dbid -38957701 branch 885904763
Sun Apr 24 02:27:48 2016
Archived Log entry 50192 added for thread 2 sequence 26443 ID 0xff0938b4 dest 1:
Sun Apr 24 02:42:49 2016
RFS[1]: Selected log 25 for thread 2 sequence 26445 dbid -38957701 branch 885904763
Sun Apr 24 02:42:49 2016
Archived Log entry 50194 added for thread 2 sequence 26444 ID 0xff0938b4 dest 1:
Sun Apr 24 02:57:50 2016
RFS[1]: Selected log 31 for thread 2 sequence 26446 dbid -38957701 branch 885904763
Sun Apr 24 02:57:50 2016
Archived Log entry 50196 added for thread 2 sequence 26445 ID 0xff0938b4 dest 1:
Sun Apr 24 03:12:48 2016
RFS[1]: Selected log 25 for thread 2 sequence 26447 dbid -38957701 branch 885904763
Sun Apr 24 03:12:48 2016
Archived Log entry 50198 added for thread 2 sequence 26446 ID 0xff0938b4 dest 1:
Sun Apr 24 03:27:50 2016
RFS[1]: Selected log 31 for thread 2 sequence 26448 dbid -38957701 branch 885904763
Sun Apr 24 03:27:50 2016
Archived Log entry 50200 added for thread 2 sequence 26447 ID 0xff0938b4 dest 1:
Sun Apr 24 03:42:51 2016
RFS[1]: Selected log 25 for thread 2 sequence 26449 dbid -38957701 branch 885904763
Sun Apr 24 03:42:51 2016
Archived Log entry 50202 added for thread 2 sequence 26448 ID 0xff0938b4 dest 1:
Sun Apr 24 03:57:49 2016
RFS[1]: Selected log 31 for thread 2 sequence 26450 dbid -38957701 branch 885904763
Sun Apr 24 03:57:49 2016
Archived Log entry 50204 added for thread 2 sequence 26449 ID 0xff0938b4 dest 1:
Sun Apr 24 04:12:50 2016
RFS[1]: Selected log 25 for thread 2 sequence 26451 dbid -38957701 branch 885904763
Sun Apr 24 04:12:50 2016
Archived Log entry 50206 added for thread 2 sequence 26450 ID 0xff0938b4 dest 1:
Sun Apr 24 04:27:51 2016
RFS[1]: Selected log 31 for thread 2 sequence 26452 dbid -38957701 branch 885904763
Sun Apr 24 04:27:51 2016
Archived Log entry 50208 added for thread 2 sequence 26451 ID 0xff0938b4 dest 1:
Sun Apr 24 04:42:49 2016
RFS[1]: Selected log 25 for thread 2 sequence 26453 dbid -38957701 branch 885904763
Sun Apr 24 04:42:49 2016
Archived Log entry 50210 added for thread 2 sequence 26452 ID 0xff0938b4 dest 1:
Sun Apr 24 04:57:50 2016
RFS[1]: Selected log 31 for thread 2 sequence 26454 dbid -38957701 branch 885904763
Sun Apr 24 04:57:50 2016
Archived Log entry 50212 added for thread 2 sequence 26453 ID 0xff0938b4 dest 1:
Sun Apr 24 05:12:51 2016
RFS[1]: Selected log 25 for thread 2 sequence 26455 dbid -38957701 branch 885904763
Sun Apr 24 05:12:51 2016
Archived Log entry 50214 added for thread 2 sequence 26454 ID 0xff0938b4 dest 1:
Sun Apr 24 05:27:49 2016
RFS[1]: Selected log 31 for thread 2 sequence 26456 dbid -38957701 branch 885904763
Sun Apr 24 05:27:49 2016
Archived Log entry 50216 added for thread 2 sequence 26455 ID 0xff0938b4 dest 1:
Sun Apr 24 05:42:50 2016
RFS[1]: Selected log 25 for thread 2 sequence 26457 dbid -38957701 branch 885904763
Sun Apr 24 05:42:50 2016
Archived Log entry 50218 added for thread 2 sequence 26456 ID 0xff0938b4 dest 1:
Sun Apr 24 05:57:51 2016
RFS[1]: Selected log 31 for thread 2 sequence 26458 dbid -38957701 branch 885904763
Sun Apr 24 05:57:51 2016
Archived Log entry 50220 added for thread 2 sequence 26457 ID 0xff0938b4 dest 1:
Sun Apr 24 06:12:40 2016
RFS[1]: Selected log 25 for thread 2 sequence 26459 dbid -38957701 branch 885904763
Sun Apr 24 06:12:44 2016
Archived Log entry 50222 added for thread 2 sequence 26458 ID 0xff0938b4 dest 1:
Sun Apr 24 06:27:39 2016
RFS[1]: Selected log 31 for thread 2 sequence 26460 dbid -38957701 branch 885904763
Sun Apr 24 06:27:39 2016
Archived Log entry 50224 added for thread 2 sequence 26459 ID 0xff0938b4 dest 1:
Sun Apr 24 06:42:40 2016
RFS[1]: Selected log 25 for thread 2 sequence 26461 dbid -38957701 branch 885904763
Sun Apr 24 06:42:40 2016
Archived Log entry 50226 added for thread 2 sequence 26460 ID 0xff0938b4 dest 1:
Sun Apr 24 06:57:41 2016
RFS[1]: Selected log 31 for thread 2 sequence 26462 dbid -38957701 branch 885904763
Sun Apr 24 06:57:41 2016
Archived Log entry 50228 added for thread 2 sequence 26461 ID 0xff0938b4 dest 1:
Sun Apr 24 07:12:39 2016
RFS[1]: Selected log 25 for thread 2 sequence 26463 dbid -38957701 branch 885904763
Sun Apr 24 07:12:39 2016
Archived Log entry 50230 added for thread 2 sequence 26462 ID 0xff0938b4 dest 1:
Sun Apr 24 07:27:40 2016
RFS[1]: Selected log 31 for thread 2 sequence 26464 dbid -38957701 branch 885904763
Sun Apr 24 07:27:40 2016
Archived Log entry 50232 added for thread 2 sequence 26463 ID 0xff0938b4 dest 1:
Sun Apr 24 07:42:40 2016
RFS[1]: Selected log 25 for thread 2 sequence 26465 dbid -38957701 branch 885904763
Sun Apr 24 07:42:40 2016
Archived Log entry 50234 added for thread 2 sequence 26464 ID 0xff0938b4 dest 1:
Sun Apr 24 07:57:42 2016
RFS[1]: Selected log 31 for thread 2 sequence 26466 dbid -38957701 branch 885904763
Sun Apr 24 07:57:42 2016
Archived Log entry 50236 added for thread 2 sequence 26465 ID 0xff0938b4 dest 1:
Sun Apr 24 08:12:40 2016
RFS[1]: Selected log 25 for thread 2 sequence 26467 dbid -38957701 branch 885904763
Sun Apr 24 08:12:40 2016
Archived Log entry 50238 added for thread 2 sequence 26466 ID 0xff0938b4 dest 1:
Sun Apr 24 08:27:41 2016
RFS[1]: Selected log 31 for thread 2 sequence 26468 dbid -38957701 branch 885904763
Sun Apr 24 08:27:41 2016
Archived Log entry 50240 added for thread 2 sequence 26467 ID 0xff0938b4 dest 1:
Sun Apr 24 08:42:41 2016
RFS[1]: Selected log 25 for thread 2 sequence 26469 dbid -38957701 branch 885904763
Sun Apr 24 08:42:42 2016
Archived Log entry 50242 added for thread 2 sequence 26468 ID 0xff0938b4 dest 1:
Sun Apr 24 08:57:40 2016
RFS[1]: Selected log 31 for thread 2 sequence 26470 dbid -38957701 branch 885904763
Sun Apr 24 08:57:40 2016
Archived Log entry 50244 added for thread 2 sequence 26469 ID 0xff0938b4 dest 1:
Sun Apr 24 09:12:40 2016
RFS[1]: Selected log 25 for thread 2 sequence 26471 dbid -38957701 branch 885904763
Sun Apr 24 09:12:40 2016
Archived Log entry 50246 added for thread 2 sequence 26470 ID 0xff0938b4 dest 1:
Sun Apr 24 09:27:41 2016
RFS[1]: Selected log 31 for thread 2 sequence 26472 dbid -38957701 branch 885904763
Sun Apr 24 09:27:41 2016
Archived Log entry 50248 added for thread 2 sequence 26471 ID 0xff0938b4 dest 1:
Sun Apr 24 09:42:42 2016
RFS[1]: Selected log 25 for thread 2 sequence 26473 dbid -38957701 branch 885904763
Sun Apr 24 09:42:42 2016
Archived Log entry 50250 added for thread 2 sequence 26472 ID 0xff0938b4 dest 1:
Sun Apr 24 09:57:41 2016
RFS[1]: Selected log 31 for thread 2 sequence 26474 dbid -38957701 branch 885904763
Sun Apr 24 09:57:41 2016
Archived Log entry 50252 added for thread 2 sequence 26473 ID 0xff0938b4 dest 1:
Sun Apr 24 10:12:41 2016
RFS[1]: Selected log 25 for thread 2 sequence 26475 dbid -38957701 branch 885904763
Sun Apr 24 10:12:42 2016
Archived Log entry 50254 added for thread 2 sequence 26474 ID 0xff0938b4 dest 1:
Sun Apr 24 10:27:42 2016
RFS[1]: Selected log 31 for thread 2 sequence 26476 dbid -38957701 branch 885904763
Sun Apr 24 10:27:42 2016
Archived Log entry 50256 added for thread 2 sequence 26475 ID 0xff0938b4 dest 1:
Sun Apr 24 10:42:40 2016
RFS[1]: Selected log 25 for thread 2 sequence 26477 dbid -38957701 branch 885904763
Sun Apr 24 10:42:40 2016
Archived Log entry 50258 added for thread 2 sequence 26476 ID 0xff0938b4 dest 1:
Sun Apr 24 10:57:41 2016
RFS[1]: Selected log 31 for thread 2 sequence 26478 dbid -38957701 branch 885904763
Sun Apr 24 10:57:41 2016
Archived Log entry 50260 added for thread 2 sequence 26477 ID 0xff0938b4 dest 1:
Sun Apr 24 11:12:42 2016
RFS[1]: Selected log 25 for thread 2 sequence 26479 dbid -38957701 branch 885904763
Sun Apr 24 11:12:42 2016
Archived Log entry 50262 added for thread 2 sequence 26478 ID 0xff0938b4 dest 1:
Sun Apr 24 11:27:43 2016
RFS[1]: Selected log 31 for thread 2 sequence 26480 dbid -38957701 branch 885904763
Sun Apr 24 11:27:43 2016
Archived Log entry 50264 added for thread 2 sequence 26479 ID 0xff0938b4 dest 1:
Sun Apr 24 11:42:41 2016
RFS[1]: Selected log 25 for thread 2 sequence 26481 dbid -38957701 branch 885904763
Sun Apr 24 11:42:41 2016
Archived Log entry 50266 added for thread 2 sequence 26480 ID 0xff0938b4 dest 1:
Sun Apr 24 11:57:42 2016
RFS[1]: Selected log 31 for thread 2 sequence 26482 dbid -38957701 branch 885904763
Sun Apr 24 11:57:42 2016
Archived Log entry 50268 added for thread 2 sequence 26481 ID 0xff0938b4 dest 1:
Sun Apr 24 12:12:43 2016
RFS[1]: Selected log 25 for thread 2 sequence 26483 dbid -38957701 branch 885904763
Sun Apr 24 12:12:43 2016
Archived Log entry 50270 added for thread 2 sequence 26482 ID 0xff0938b4 dest 1:
Sun Apr 24 12:27:41 2016
RFS[1]: Selected log 31 for thread 2 sequence 26484 dbid -38957701 branch 885904763
Sun Apr 24 12:27:42 2016
Archived Log entry 50272 added for thread 2 sequence 26483 ID 0xff0938b4 dest 1:
Sun Apr 24 12:42:42 2016
RFS[1]: Selected log 25 for thread 2 sequence 26485 dbid -38957701 branch 885904763
Sun Apr 24 12:42:42 2016
Archived Log entry 50274 added for thread 2 sequence 26484 ID 0xff0938b4 dest 1:
Sun Apr 24 12:57:43 2016
RFS[1]: Selected log 31 for thread 2 sequence 26486 dbid -38957701 branch 885904763
Sun Apr 24 12:57:44 2016
Archived Log entry 50276 added for thread 2 sequence 26485 ID 0xff0938b4 dest 1:
Sun Apr 24 13:12:45 2016
RFS[1]: Selected log 25 for thread 2 sequence 26487 dbid -38957701 branch 885904763
Sun Apr 24 13:12:45 2016
Archived Log entry 50278 added for thread 2 sequence 26486 ID 0xff0938b4 dest 1:
Sun Apr 24 13:27:43 2016
RFS[1]: Selected log 31 for thread 2 sequence 26488 dbid -38957701 branch 885904763
Sun Apr 24 13:27:43 2016
Archived Log entry 50280 added for thread 2 sequence 26487 ID 0xff0938b4 dest 1:
Sun Apr 24 13:42:44 2016
RFS[1]: Selected log 25 for thread 2 sequence 26489 dbid -38957701 branch 885904763
Sun Apr 24 13:42:44 2016
Archived Log entry 50282 added for thread 2 sequence 26488 ID 0xff0938b4 dest 1:
Sun Apr 24 13:57:45 2016
RFS[1]: Selected log 31 for thread 2 sequence 26490 dbid -38957701 branch 885904763
Sun Apr 24 13:57:45 2016
Archived Log entry 50284 added for thread 2 sequence 26489 ID 0xff0938b4 dest 1:
Sun Apr 24 14:12:43 2016
RFS[1]: Selected log 25 for thread 2 sequence 26491 dbid -38957701 branch 885904763
Sun Apr 24 14:12:43 2016
Archived Log entry 50286 added for thread 2 sequence 26490 ID 0xff0938b4 dest 1:
Sun Apr 24 14:27:44 2016
RFS[1]: Selected log 31 for thread 2 sequence 26492 dbid -38957701 branch 885904763
Sun Apr 24 14:27:44 2016
Archived Log entry 50288 added for thread 2 sequence 26491 ID 0xff0938b4 dest 1:
Sun Apr 24 14:42:45 2016
RFS[1]: Selected log 25 for thread 2 sequence 26493 dbid -38957701 branch 885904763
Sun Apr 24 14:42:45 2016
Archived Log entry 50290 added for thread 2 sequence 26492 ID 0xff0938b4 dest 1:
Sun Apr 24 14:57:43 2016
RFS[1]: Selected log 31 for thread 2 sequence 26494 dbid -38957701 branch 885904763
Sun Apr 24 14:57:43 2016
Archived Log entry 50292 added for thread 2 sequence 26493 ID 0xff0938b4 dest 1:
Sun Apr 24 15:12:44 2016
RFS[1]: Selected log 25 for thread 2 sequence 26495 dbid -38957701 branch 885904763
Sun Apr 24 15:12:44 2016
Archived Log entry 50294 added for thread 2 sequence 26494 ID 0xff0938b4 dest 1:
Sun Apr 24 15:27:45 2016
RFS[1]: Selected log 31 for thread 2 sequence 26496 dbid -38957701 branch 885904763
Sun Apr 24 15:27:45 2016
Archived Log entry 50296 added for thread 2 sequence 26495 ID 0xff0938b4 dest 1:
Sun Apr 24 15:42:43 2016
RFS[1]: Selected log 25 for thread 2 sequence 26497 dbid -38957701 branch 885904763
Sun Apr 24 15:42:43 2016
Archived Log entry 50298 added for thread 2 sequence 26496 ID 0xff0938b4 dest 1:
Sun Apr 24 15:57:44 2016
RFS[1]: Selected log 31 for thread 2 sequence 26498 dbid -38957701 branch 885904763
Sun Apr 24 15:57:44 2016
Archived Log entry 50300 added for thread 2 sequence 26497 ID 0xff0938b4 dest 1:
Sun Apr 24 16:12:45 2016
RFS[1]: Selected log 25 for thread 2 sequence 26499 dbid -38957701 branch 885904763
Sun Apr 24 16:12:45 2016
Archived Log entry 50302 added for thread 2 sequence 26498 ID 0xff0938b4 dest 1:
Sun Apr 24 16:27:43 2016
RFS[1]: Selected log 31 for thread 2 sequence 26500 dbid -38957701 branch 885904763
Sun Apr 24 16:27:44 2016
Archived Log entry 50304 added for thread 2 sequence 26499 ID 0xff0938b4 dest 1:
Sun Apr 24 16:42:44 2016
RFS[1]: Selected log 25 for thread 2 sequence 26501 dbid -38957701 branch 885904763
Sun Apr 24 16:42:44 2016
Archived Log entry 50306 added for thread 2 sequence 26500 ID 0xff0938b4 dest 1:
Sun Apr 24 16:57:45 2016
RFS[1]: Selected log 31 for thread 2 sequence 26502 dbid -38957701 branch 885904763
Sun Apr 24 16:57:46 2016
Archived Log entry 50308 added for thread 2 sequence 26501 ID 0xff0938b4 dest 1:
Sun Apr 24 17:12:47 2016
RFS[1]: Selected log 25 for thread 2 sequence 26503 dbid -38957701 branch 885904763
Sun Apr 24 17:12:47 2016
Archived Log entry 50310 added for thread 2 sequence 26502 ID 0xff0938b4 dest 1:
Sun Apr 24 17:27:45 2016
RFS[1]: Selected log 31 for thread 2 sequence 26504 dbid -38957701 branch 885904763
Sun Apr 24 17:27:45 2016
Archived Log entry 50312 added for thread 2 sequence 26503 ID 0xff0938b4 dest 1:
Sun Apr 24 17:42:45 2016
RFS[1]: Selected log 25 for thread 2 sequence 26505 dbid -38957701 branch 885904763
Sun Apr 24 17:42:45 2016
Archived Log entry 50314 added for thread 2 sequence 26504 ID 0xff0938b4 dest 1:
Sun Apr 24 17:57:47 2016
RFS[1]: Selected log 31 for thread 2 sequence 26506 dbid -38957701 branch 885904763
Sun Apr 24 17:57:47 2016
Archived Log entry 50316 added for thread 2 sequence 26505 ID 0xff0938b4 dest 1:
Sun Apr 24 18:12:45 2016
RFS[1]: Selected log 25 for thread 2 sequence 26507 dbid -38957701 branch 885904763
Sun Apr 24 18:12:45 2016
Archived Log entry 50318 added for thread 2 sequence 26506 ID 0xff0938b4 dest 1:
Sun Apr 24 18:27:46 2016
RFS[1]: Selected log 31 for thread 2 sequence 26508 dbid -38957701 branch 885904763
Sun Apr 24 18:27:46 2016
Archived Log entry 50320 added for thread 2 sequence 26507 ID 0xff0938b4 dest 1:
Sun Apr 24 18:42:47 2016
RFS[1]: Selected log 25 for thread 2 sequence 26509 dbid -38957701 branch 885904763
Sun Apr 24 18:42:47 2016
Archived Log entry 50322 added for thread 2 sequence 26508 ID 0xff0938b4 dest 1:
Sun Apr 24 18:57:45 2016
RFS[1]: Selected log 31 for thread 2 sequence 26510 dbid -38957701 branch 885904763
Sun Apr 24 18:57:45 2016
Archived Log entry 50324 added for thread 2 sequence 26509 ID 0xff0938b4 dest 1:
Sun Apr 24 19:12:46 2016
RFS[1]: Selected log 25 for thread 2 sequence 26511 dbid -38957701 branch 885904763
Sun Apr 24 19:12:46 2016
Archived Log entry 50326 added for thread 2 sequence 26510 ID 0xff0938b4 dest 1:
Sun Apr 24 19:27:47 2016
RFS[1]: Selected log 31 for thread 2 sequence 26512 dbid -38957701 branch 885904763
Sun Apr 24 19:27:47 2016
Archived Log entry 50328 added for thread 2 sequence 26511 ID 0xff0938b4 dest 1:
Sun Apr 24 19:42:45 2016
RFS[1]: Selected log 25 for thread 2 sequence 26513 dbid -38957701 branch 885904763
Sun Apr 24 19:42:45 2016
Archived Log entry 50330 added for thread 2 sequence 26512 ID 0xff0938b4 dest 1:
Sun Apr 24 19:57:46 2016
RFS[1]: Selected log 31 for thread 2 sequence 26514 dbid -38957701 branch 885904763
Sun Apr 24 19:57:46 2016
Archived Log entry 50332 added for thread 2 sequence 26513 ID 0xff0938b4 dest 1:
Sun Apr 24 20:12:47 2016
RFS[1]: Selected log 25 for thread 2 sequence 26515 dbid -38957701 branch 885904763
Sun Apr 24 20:12:47 2016
Archived Log entry 50334 added for thread 2 sequence 26514 ID 0xff0938b4 dest 1:
Sun Apr 24 20:27:48 2016
RFS[1]: Selected log 31 for thread 2 sequence 26516 dbid -38957701 branch 885904763
Sun Apr 24 20:27:49 2016
Archived Log entry 50336 added for thread 2 sequence 26515 ID 0xff0938b4 dest 1:
Sun Apr 24 20:42:46 2016
RFS[1]: Selected log 25 for thread 2 sequence 26517 dbid -38957701 branch 885904763
Sun Apr 24 20:42:46 2016
Archived Log entry 50338 added for thread 2 sequence 26516 ID 0xff0938b4 dest 1:
Sun Apr 24 20:57:47 2016
RFS[1]: Selected log 31 for thread 2 sequence 26518 dbid -38957701 branch 885904763
Sun Apr 24 20:57:48 2016
Archived Log entry 50340 added for thread 2 sequence 26517 ID 0xff0938b4 dest 1:
Sun Apr 24 21:12:48 2016
RFS[1]: Selected log 25 for thread 2 sequence 26519 dbid -38957701 branch 885904763
Sun Apr 24 21:12:48 2016
Archived Log entry 50342 added for thread 2 sequence 26518 ID 0xff0938b4 dest 1:
Sun Apr 24 21:27:47 2016
RFS[1]: Selected log 31 for thread 2 sequence 26520 dbid -38957701 branch 885904763
Sun Apr 24 21:27:47 2016
Archived Log entry 50344 added for thread 2 sequence 26519 ID 0xff0938b4 dest 1:
Sun Apr 24 21:42:48 2016
RFS[1]: Selected log 25 for thread 2 sequence 26521 dbid -38957701 branch 885904763
Sun Apr 24 21:42:48 2016
Archived Log entry 50346 added for thread 2 sequence 26520 ID 0xff0938b4 dest 1:
Sun Apr 24 21:57:49 2016
RFS[1]: Selected log 31 for thread 2 sequence 26522 dbid -38957701 branch 885904763
Sun Apr 24 21:57:49 2016
Archived Log entry 50348 added for thread 2 sequence 26521 ID 0xff0938b4 dest 1:
Sun Apr 24 22:12:47 2016
RFS[1]: Selected log 25 for thread 2 sequence 26523 dbid -38957701 branch 885904763
Sun Apr 24 22:12:47 2016
Archived Log entry 50350 added for thread 2 sequence 26522 ID 0xff0938b4 dest 1:
Sun Apr 24 22:27:48 2016
RFS[1]: Selected log 31 for thread 2 sequence 26524 dbid -38957701 branch 885904763
Sun Apr 24 22:27:48 2016
Archived Log entry 50352 added for thread 2 sequence 26523 ID 0xff0938b4 dest 1:
Sun Apr 24 22:42:49 2016
RFS[1]: Selected log 25 for thread 2 sequence 26525 dbid -38957701 branch 885904763
Sun Apr 24 22:42:49 2016
Archived Log entry 50354 added for thread 2 sequence 26524 ID 0xff0938b4 dest 1:
Sun Apr 24 22:57:48 2016
RFS[1]: Selected log 31 for thread 2 sequence 26526 dbid -38957701 branch 885904763
Sun Apr 24 22:57:48 2016
Archived Log entry 50356 added for thread 2 sequence 26525 ID 0xff0938b4 dest 1:
Sun Apr 24 23:12:48 2016
RFS[1]: Selected log 25 for thread 2 sequence 26527 dbid -38957701 branch 885904763
Sun Apr 24 23:12:48 2016
Archived Log entry 50358 added for thread 2 sequence 26526 ID 0xff0938b4 dest 1:
Sun Apr 24 23:27:49 2016
RFS[1]: Selected log 31 for thread 2 sequence 26528 dbid -38957701 branch 885904763
Sun Apr 24 23:27:49 2016
Archived Log entry 50360 added for thread 2 sequence 26527 ID 0xff0938b4 dest 1:
Sun Apr 24 23:42:50 2016
RFS[1]: Selected log 25 for thread 2 sequence 26529 dbid -38957701 branch 885904763
Sun Apr 24 23:42:50 2016
Archived Log entry 50362 added for thread 2 sequence 26528 ID 0xff0938b4 dest 1:
Sun Apr 24 23:57:48 2016
RFS[1]: Selected log 31 for thread 2 sequence 26530 dbid -38957701 branch 885904763
Sun Apr 24 23:57:48 2016
Archived Log entry 50364 added for thread 2 sequence 26529 ID 0xff0938b4 dest 1:
Mon Apr 25 00:12:49 2016
RFS[1]: Selected log 25 for thread 2 sequence 26531 dbid -38957701 branch 885904763
Mon Apr 25 00:12:49 2016
Archived Log entry 50366 added for thread 2 sequence 26530 ID 0xff0938b4 dest 1:
Mon Apr 25 00:27:50 2016
RFS[1]: Selected log 31 for thread 2 sequence 26532 dbid -38957701 branch 885904763
Mon Apr 25 00:27:51 2016
Archived Log entry 50368 added for thread 2 sequence 26531 ID 0xff0938b4 dest 1:
Mon Apr 25 00:42:48 2016
RFS[1]: Selected log 25 for thread 2 sequence 26533 dbid -38957701 branch 885904763
Mon Apr 25 00:42:49 2016
Archived Log entry 50370 added for thread 2 sequence 26532 ID 0xff0938b4 dest 1:
Mon Apr 25 00:57:50 2016
RFS[1]: Selected log 31 for thread 2 sequence 26534 dbid -38957701 branch 885904763
Mon Apr 25 00:57:50 2016
Archived Log entry 50372 added for thread 2 sequence 26533 ID 0xff0938b4 dest 1:
Mon Apr 25 01:12:51 2016
RFS[1]: Selected log 25 for thread 2 sequence 26535 dbid -38957701 branch 885904763
Mon Apr 25 01:12:51 2016
Archived Log entry 50374 added for thread 2 sequence 26534 ID 0xff0938b4 dest 1:
Mon Apr 25 01:27:49 2016
RFS[1]: Selected log 31 for thread 2 sequence 26536 dbid -38957701 branch 885904763
Mon Apr 25 01:27:49 2016
Archived Log entry 50376 added for thread 2 sequence 26535 ID 0xff0938b4 dest 1:
Mon Apr 25 01:42:49 2016
RFS[1]: Selected log 25 for thread 2 sequence 26537 dbid -38957701 branch 885904763
Mon Apr 25 01:42:49 2016
Archived Log entry 50378 added for thread 2 sequence 26536 ID 0xff0938b4 dest 1:
Mon Apr 25 01:57:50 2016
RFS[1]: Selected log 31 for thread 2 sequence 26538 dbid -38957701 branch 885904763
Mon Apr 25 01:57:50 2016
Archived Log entry 50380 added for thread 2 sequence 26537 ID 0xff0938b4 dest 1:
Mon Apr 25 02:12:51 2016
RFS[1]: Selected log 25 for thread 2 sequence 26539 dbid -38957701 branch 885904763
Mon Apr 25 02:12:52 2016
Archived Log entry 50382 added for thread 2 sequence 26538 ID 0xff0938b4 dest 1:
Mon Apr 25 02:27:50 2016
RFS[1]: Selected log 31 for thread 2 sequence 26540 dbid -38957701 branch 885904763
Mon Apr 25 02:27:50 2016
Archived Log entry 50384 added for thread 2 sequence 26539 ID 0xff0938b4 dest 1:
Mon Apr 25 02:42:51 2016
RFS[1]: Selected log 25 for thread 2 sequence 26541 dbid -38957701 branch 885904763
Mon Apr 25 02:42:51 2016
Archived Log entry 50386 added for thread 2 sequence 26540 ID 0xff0938b4 dest 1:
Mon Apr 25 02:57:52 2016
RFS[1]: Selected log 31 for thread 2 sequence 26542 dbid -38957701 branch 885904763
Mon Apr 25 02:57:52 2016
Archived Log entry 50388 added for thread 2 sequence 26541 ID 0xff0938b4 dest 1:
Mon Apr 25 03:12:50 2016
RFS[1]: Selected log 25 for thread 2 sequence 26543 dbid -38957701 branch 885904763
Mon Apr 25 03:12:50 2016
Archived Log entry 50390 added for thread 2 sequence 26542 ID 0xff0938b4 dest 1:
Mon Apr 25 03:27:51 2016
RFS[1]: Selected log 31 for thread 2 sequence 26544 dbid -38957701 branch 885904763
Mon Apr 25 03:27:51 2016
Archived Log entry 50392 added for thread 2 sequence 26543 ID 0xff0938b4 dest 1:
Mon Apr 25 03:42:52 2016
RFS[1]: Selected log 25 for thread 2 sequence 26545 dbid -38957701 branch 885904763
Mon Apr 25 03:42:52 2016
Archived Log entry 50394 added for thread 2 sequence 26544 ID 0xff0938b4 dest 1:
Mon Apr 25 03:57:50 2016
RFS[1]: Selected log 31 for thread 2 sequence 26546 dbid -38957701 branch 885904763
Mon Apr 25 03:57:50 2016
Archived Log entry 50396 added for thread 2 sequence 26545 ID 0xff0938b4 dest 1:
Mon Apr 25 04:12:51 2016
RFS[1]: Selected log 25 for thread 2 sequence 26547 dbid -38957701 branch 885904763
Mon Apr 25 04:12:51 2016
Archived Log entry 50398 added for thread 2 sequence 26546 ID 0xff0938b4 dest 1:
Mon Apr 25 04:27:52 2016
RFS[1]: Selected log 31 for thread 2 sequence 26548 dbid -38957701 branch 885904763
Mon Apr 25 04:27:52 2016
Archived Log entry 50400 added for thread 2 sequence 26547 ID 0xff0938b4 dest 1:
Mon Apr 25 04:42:50 2016
RFS[1]: Selected log 25 for thread 2 sequence 26549 dbid -38957701 branch 885904763
Mon Apr 25 04:42:50 2016
Archived Log entry 50402 added for thread 2 sequence 26548 ID 0xff0938b4 dest 1:
Mon Apr 25 04:57:51 2016
RFS[1]: Selected log 31 for thread 2 sequence 26550 dbid -38957701 branch 885904763
Mon Apr 25 04:57:51 2016
Archived Log entry 50404 added for thread 2 sequence 26549 ID 0xff0938b4 dest 1:
Mon Apr 25 05:12:52 2016
RFS[1]: Selected log 25 for thread 2 sequence 26551 dbid -38957701 branch 885904763
Mon Apr 25 05:12:52 2016
Archived Log entry 50406 added for thread 2 sequence 26550 ID 0xff0938b4 dest 1:
Mon Apr 25 05:27:53 2016
RFS[1]: Selected log 31 for thread 2 sequence 26552 dbid -38957701 branch 885904763
Mon Apr 25 05:27:53 2016
Archived Log entry 50408 added for thread 2 sequence 26551 ID 0xff0938b4 dest 1:
Mon Apr 25 05:42:51 2016
RFS[1]: Selected log 25 for thread 2 sequence 26553 dbid -38957701 branch 885904763
Mon Apr 25 05:42:51 2016
Archived Log entry 50410 added for thread 2 sequence 26552 ID 0xff0938b4 dest 1:
Mon Apr 25 05:57:53 2016
RFS[1]: Selected log 31 for thread 2 sequence 26554 dbid -38957701 branch 885904763
Mon Apr 25 05:57:53 2016
Archived Log entry 50412 added for thread 2 sequence 26553 ID 0xff0938b4 dest 1:
Mon Apr 25 06:12:51 2016
RFS[1]: Selected log 25 for thread 2 sequence 26555 dbid -38957701 branch 885904763
Mon Apr 25 06:12:51 2016
Archived Log entry 50414 added for thread 2 sequence 26554 ID 0xff0938b4 dest 1:
Mon Apr 25 06:27:52 2016
RFS[1]: Selected log 31 for thread 2 sequence 26556 dbid -38957701 branch 885904763
Mon Apr 25 06:27:52 2016
Archived Log entry 50416 added for thread 2 sequence 26555 ID 0xff0938b4 dest 1:
Mon Apr 25 06:42:53 2016
RFS[1]: Selected log 25 for thread 2 sequence 26557 dbid -38957701 branch 885904763
Mon Apr 25 06:42:53 2016
Archived Log entry 50418 added for thread 2 sequence 26556 ID 0xff0938b4 dest 1:
Mon Apr 25 06:57:52 2016
RFS[1]: Selected log 31 for thread 2 sequence 26558 dbid -38957701 branch 885904763
Mon Apr 25 06:57:52 2016
Archived Log entry 50420 added for thread 2 sequence 26557 ID 0xff0938b4 dest 1:
Mon Apr 25 07:12:52 2016
RFS[1]: Selected log 25 for thread 2 sequence 26559 dbid -38957701 branch 885904763
Mon Apr 25 07:12:53 2016
Archived Log entry 50422 added for thread 2 sequence 26558 ID 0xff0938b4 dest 1:
Mon Apr 25 07:27:54 2016
RFS[1]: Selected log 31 for thread 2 sequence 26560 dbid -38957701 branch 885904763
Mon Apr 25 07:27:54 2016
Archived Log entry 50424 added for thread 2 sequence 26559 ID 0xff0938b4 dest 1:
Mon Apr 25 07:42:52 2016
RFS[1]: Selected log 25 for thread 2 sequence 26561 dbid -38957701 branch 885904763
Mon Apr 25 07:42:52 2016
Archived Log entry 50426 added for thread 2 sequence 26560 ID 0xff0938b4 dest 1:
Mon Apr 25 07:57:53 2016
RFS[1]: Selected log 31 for thread 2 sequence 26562 dbid -38957701 branch 885904763
Mon Apr 25 07:57:53 2016
Archived Log entry 50428 added for thread 2 sequence 26561 ID 0xff0938b4 dest 1:
Mon Apr 25 08:12:54 2016
RFS[1]: Selected log 25 for thread 2 sequence 26563 dbid -38957701 branch 885904763
Mon Apr 25 08:12:54 2016
Archived Log entry 50430 added for thread 2 sequence 26562 ID 0xff0938b4 dest 1:
Mon Apr 25 08:27:55 2016
RFS[1]: Selected log 31 for thread 2 sequence 26564 dbid -38957701 branch 885904763
Mon Apr 25 08:27:55 2016
Archived Log entry 50432 added for thread 2 sequence 26563 ID 0xff0938b4 dest 1:
Mon Apr 25 08:42:53 2016
RFS[1]: Selected log 25 for thread 2 sequence 26565 dbid -38957701 branch 885904763
Mon Apr 25 08:42:53 2016
Archived Log entry 50434 added for thread 2 sequence 26564 ID 0xff0938b4 dest 1:
Mon Apr 25 08:57:54 2016
RFS[1]: Selected log 31 for thread 2 sequence 26566 dbid -38957701 branch 885904763
Mon Apr 25 08:57:54 2016
Archived Log entry 50436 added for thread 2 sequence 26565 ID 0xff0938b4 dest 1:
Mon Apr 25 09:12:55 2016
RFS[1]: Selected log 25 for thread 2 sequence 26567 dbid -38957701 branch 885904763
Mon Apr 25 09:12:55 2016
Archived Log entry 50438 added for thread 2 sequence 26566 ID 0xff0938b4 dest 1:
Mon Apr 25 09:27:53 2016
RFS[1]: Selected log 31 for thread 2 sequence 26568 dbid -38957701 branch 885904763
Mon Apr 25 09:27:53 2016
Archived Log entry 50440 added for thread 2 sequence 26567 ID 0xff0938b4 dest 1:
Mon Apr 25 09:42:54 2016
RFS[1]: Selected log 25 for thread 2 sequence 26569 dbid -38957701 branch 885904763
Mon Apr 25 09:42:54 2016
Archived Log entry 50442 added for thread 2 sequence 26568 ID 0xff0938b4 dest 1:
Mon Apr 25 09:57:55 2016
RFS[1]: Selected log 31 for thread 2 sequence 26570 dbid -38957701 branch 885904763
Mon Apr 25 09:57:55 2016
Archived Log entry 50444 added for thread 2 sequence 26569 ID 0xff0938b4 dest 1:
Mon Apr 25 10:12:56 2016
RFS[1]: Selected log 25 for thread 2 sequence 26571 dbid -38957701 branch 885904763
Mon Apr 25 10:12:56 2016
Archived Log entry 50446 added for thread 2 sequence 26570 ID 0xff0938b4 dest 1:
Mon Apr 25 10:27:54 2016
RFS[1]: Selected log 31 for thread 2 sequence 26572 dbid -38957701 branch 885904763
Mon Apr 25 10:27:54 2016
Archived Log entry 50448 added for thread 2 sequence 26571 ID 0xff0938b4 dest 1:
Mon Apr 25 10:42:55 2016
RFS[1]: Selected log 25 for thread 2 sequence 26573 dbid -38957701 branch 885904763
Mon Apr 25 10:42:55 2016
Archived Log entry 50450 added for thread 2 sequence 26572 ID 0xff0938b4 dest 1:
Mon Apr 25 10:57:56 2016
RFS[1]: Selected log 31 for thread 2 sequence 26574 dbid -38957701 branch 885904763
Mon Apr 25 10:57:56 2016
Archived Log entry 50452 added for thread 2 sequence 26573 ID 0xff0938b4 dest 1:
Mon Apr 25 11:12:54 2016
RFS[1]: Selected log 25 for thread 2 sequence 26575 dbid -38957701 branch 885904763
Mon Apr 25 11:12:54 2016
Archived Log entry 50454 added for thread 2 sequence 26574 ID 0xff0938b4 dest 1:
Mon Apr 25 11:27:55 2016
RFS[1]: Selected log 31 for thread 2 sequence 26576 dbid -38957701 branch 885904763
Mon Apr 25 11:27:55 2016
Archived Log entry 50456 added for thread 2 sequence 26575 ID 0xff0938b4 dest 1:
Mon Apr 25 11:42:56 2016
RFS[1]: Selected log 25 for thread 2 sequence 26577 dbid -38957701 branch 885904763
Mon Apr 25 11:42:56 2016
Archived Log entry 50458 added for thread 2 sequence 26576 ID 0xff0938b4 dest 1:
Mon Apr 25 11:57:54 2016
RFS[1]: Selected log 31 for thread 2 sequence 26578 dbid -38957701 branch 885904763
Mon Apr 25 11:57:55 2016
Archived Log entry 50460 added for thread 2 sequence 26577 ID 0xff0938b4 dest 1:
Mon Apr 25 12:12:55 2016
RFS[1]: Selected log 25 for thread 2 sequence 26579 dbid -38957701 branch 885904763
Mon Apr 25 12:12:55 2016
Archived Log entry 50462 added for thread 2 sequence 26578 ID 0xff0938b4 dest 1:
Mon Apr 25 12:27:56 2016
RFS[1]: Selected log 31 for thread 2 sequence 26580 dbid -38957701 branch 885904763
Mon Apr 25 12:27:56 2016
Archived Log entry 50464 added for thread 2 sequence 26579 ID 0xff0938b4 dest 1:
Mon Apr 25 12:42:54 2016
RFS[1]: Selected log 25 for thread 2 sequence 26581 dbid -38957701 branch 885904763
Mon Apr 25 12:42:55 2016
Archived Log entry 50466 added for thread 2 sequence 26580 ID 0xff0938b4 dest 1:
Mon Apr 25 12:57:56 2016
RFS[1]: Selected log 31 for thread 2 sequence 26582 dbid -38957701 branch 885904763
Mon Apr 25 12:57:56 2016
Archived Log entry 50468 added for thread 2 sequence 26581 ID 0xff0938b4 dest 1:
Mon Apr 25 13:12:56 2016
RFS[1]: Selected log 25 for thread 2 sequence 26583 dbid -38957701 branch 885904763
Mon Apr 25 13:12:56 2016
Archived Log entry 50470 added for thread 2 sequence 26582 ID 0xff0938b4 dest 1:
Mon Apr 25 13:27:58 2016
RFS[1]: Selected log 31 for thread 2 sequence 26584 dbid -38957701 branch 885904763
Mon Apr 25 13:27:58 2016
Archived Log entry 50472 added for thread 2 sequence 26583 ID 0xff0938b4 dest 1:
Mon Apr 25 13:42:56 2016
RFS[1]: Selected log 25 for thread 2 sequence 26585 dbid -38957701 branch 885904763
Mon Apr 25 13:42:56 2016
Archived Log entry 50474 added for thread 2 sequence 26584 ID 0xff0938b4 dest 1:
Mon Apr 25 13:57:57 2016
RFS[1]: Selected log 31 for thread 2 sequence 26586 dbid -38957701 branch 885904763
Mon Apr 25 13:57:57 2016
Archived Log entry 50476 added for thread 2 sequence 26585 ID 0xff0938b4 dest 1:
Mon Apr 25 14:12:58 2016
RFS[1]: Selected log 25 for thread 2 sequence 26587 dbid -38957701 branch 885904763
Mon Apr 25 14:12:58 2016
Archived Log entry 50478 added for thread 2 sequence 26586 ID 0xff0938b4 dest 1:
Mon Apr 25 14:27:56 2016
RFS[1]: Selected log 31 for thread 2 sequence 26588 dbid -38957701 branch 885904763
Mon Apr 25 14:27:56 2016
Archived Log entry 50480 added for thread 2 sequence 26587 ID 0xff0938b4 dest 1:
Mon Apr 25 14:42:56 2016
RFS[1]: Selected log 25 for thread 2 sequence 26589 dbid -38957701 branch 885904763
Mon Apr 25 14:42:57 2016
Archived Log entry 50482 added for thread 2 sequence 26588 ID 0xff0938b4 dest 1:
Mon Apr 25 14:57:58 2016
RFS[1]: Selected log 31 for thread 2 sequence 26590 dbid -38957701 branch 885904763
Mon Apr 25 14:57:58 2016
Archived Log entry 50484 added for thread 2 sequence 26589 ID 0xff0938b4 dest 1:
Mon Apr 25 15:12:58 2016
RFS[1]: Selected log 25 for thread 2 sequence 26591 dbid -38957701 branch 885904763
Mon Apr 25 15:12:58 2016
Archived Log entry 50486 added for thread 2 sequence 26590 ID 0xff0938b4 dest 1:
Mon Apr 25 15:27:57 2016
RFS[1]: Selected log 31 for thread 2 sequence 26592 dbid -38957701 branch 885904763
Mon Apr 25 15:27:57 2016
Archived Log entry 50488 added for thread 2 sequence 26591 ID 0xff0938b4 dest 1:
Mon Apr 25 15:42:57 2016
RFS[1]: Selected log 25 for thread 2 sequence 26593 dbid -38957701 branch 885904763
Mon Apr 25 15:42:58 2016
Archived Log entry 50490 added for thread 2 sequence 26592 ID 0xff0938b4 dest 1:
Mon Apr 25 15:57:59 2016
RFS[1]: Selected log 31 for thread 2 sequence 26594 dbid -38957701 branch 885904763
Mon Apr 25 15:57:59 2016
Archived Log entry 50492 added for thread 2 sequence 26593 ID 0xff0938b4 dest 1:
Mon Apr 25 16:12:57 2016
RFS[1]: Selected log 25 for thread 2 sequence 26595 dbid -38957701 branch 885904763
Mon Apr 25 16:12:57 2016
Archived Log entry 50494 added for thread 2 sequence 26594 ID 0xff0938b4 dest 1:
Mon Apr 25 16:27:58 2016
RFS[1]: Selected log 31 for thread 2 sequence 26596 dbid -38957701 branch 885904763
Mon Apr 25 16:27:58 2016
Archived Log entry 50496 added for thread 2 sequence 26595 ID 0xff0938b4 dest 1:
Mon Apr 25 16:42:59 2016
RFS[1]: Selected log 25 for thread 2 sequence 26597 dbid -38957701 branch 885904763
Mon Apr 25 16:42:59 2016
Archived Log entry 50498 added for thread 2 sequence 26596 ID 0xff0938b4 dest 1:
Mon Apr 25 16:57:57 2016
RFS[1]: Selected log 31 for thread 2 sequence 26598 dbid -38957701 branch 885904763
Mon Apr 25 16:57:57 2016
Archived Log entry 50500 added for thread 2 sequence 26597 ID 0xff0938b4 dest 1:
Mon Apr 25 17:12:58 2016
RFS[1]: Selected log 25 for thread 2 sequence 26599 dbid -38957701 branch 885904763
Mon Apr 25 17:12:58 2016
Archived Log entry 50502 added for thread 2 sequence 26598 ID 0xff0938b4 dest 1:
Mon Apr 25 17:27:59 2016
RFS[1]: Selected log 31 for thread 2 sequence 26600 dbid -38957701 branch 885904763
Mon Apr 25 17:27:59 2016
Archived Log entry 50504 added for thread 2 sequence 26599 ID 0xff0938b4 dest 1:
Mon Apr 25 17:42:58 2016
RFS[1]: Selected log 25 for thread 2 sequence 26601 dbid -38957701 branch 885904763
Mon Apr 25 17:42:58 2016
Archived Log entry 50506 added for thread 2 sequence 26600 ID 0xff0938b4 dest 1:
Mon Apr 25 17:57:59 2016
RFS[1]: Selected log 31 for thread 2 sequence 26602 dbid -38957701 branch 885904763
Mon Apr 25 17:57:59 2016
Archived Log entry 50508 added for thread 2 sequence 26601 ID 0xff0938b4 dest 1:
Mon Apr 25 18:13:00 2016
RFS[1]: Selected log 25 for thread 2 sequence 26603 dbid -38957701 branch 885904763
Mon Apr 25 18:13:00 2016
Archived Log entry 50510 added for thread 2 sequence 26602 ID 0xff0938b4 dest 1:
Mon Apr 25 18:27:58 2016
RFS[1]: Selected log 31 for thread 2 sequence 26604 dbid -38957701 branch 885904763
Mon Apr 25 18:27:59 2016
Archived Log entry 50512 added for thread 2 sequence 26603 ID 0xff0938b4 dest 1:
Mon Apr 25 18:42:59 2016
RFS[1]: Selected log 25 for thread 2 sequence 26605 dbid -38957701 branch 885904763
Mon Apr 25 18:42:59 2016
Archived Log entry 50514 added for thread 2 sequence 26604 ID 0xff0938b4 dest 1:
Mon Apr 25 18:58:00 2016
RFS[1]: Selected log 31 for thread 2 sequence 26606 dbid -38957701 branch 885904763
Mon Apr 25 18:58:01 2016
Archived Log entry 50516 added for thread 2 sequence 26605 ID 0xff0938b4 dest 1:
Mon Apr 25 19:12:59 2016
RFS[1]: Selected log 25 for thread 2 sequence 26607 dbid -38957701 branch 885904763
Mon Apr 25 19:12:59 2016
Archived Log entry 50518 added for thread 2 sequence 26606 ID 0xff0938b4 dest 1:
Mon Apr 25 19:28:00 2016
RFS[1]: Selected log 31 for thread 2 sequence 26608 dbid -38957701 branch 885904763
Mon Apr 25 19:28:00 2016
Archived Log entry 50520 added for thread 2 sequence 26607 ID 0xff0938b4 dest 1:
Mon Apr 25 19:42:58 2016
RFS[1]: Selected log 25 for thread 2 sequence 26609 dbid -38957701 branch 885904763
Mon Apr 25 19:42:58 2016
Archived Log entry 50522 added for thread 2 sequence 26608 ID 0xff0938b4 dest 1:
Mon Apr 25 19:58:00 2016
RFS[1]: Selected log 31 for thread 2 sequence 26610 dbid -38957701 branch 885904763
Mon Apr 25 19:58:00 2016
Archived Log entry 50524 added for thread 2 sequence 26609 ID 0xff0938b4 dest 1:
Mon Apr 25 20:13:01 2016
RFS[1]: Selected log 25 for thread 2 sequence 26611 dbid -38957701 branch 885904763
Mon Apr 25 20:13:01 2016
Archived Log entry 50526 added for thread 2 sequence 26610 ID 0xff0938b4 dest 1:
Mon Apr 25 20:27:59 2016
RFS[1]: Selected log 31 for thread 2 sequence 26612 dbid -38957701 branch 885904763
Mon Apr 25 20:27:59 2016
Archived Log entry 50528 added for thread 2 sequence 26611 ID 0xff0938b4 dest 1:
Mon Apr 25 20:42:57 2016
RFS[1]: Selected log 25 for thread 2 sequence 26613 dbid -38957701 branch 885904763
Mon Apr 25 20:42:57 2016
Archived Log entry 50530 added for thread 2 sequence 26612 ID 0xff0938b4 dest 1:
Mon Apr 25 20:57:55 2016
RFS[1]: Selected log 31 for thread 2 sequence 26614 dbid -38957701 branch 885904763
Mon Apr 25 20:57:55 2016
Archived Log entry 50532 added for thread 2 sequence 26613 ID 0xff0938b4 dest 1:
Mon Apr 25 21:12:54 2016
RFS[1]: Selected log 25 for thread 2 sequence 26615 dbid -38957701 branch 885904763
Mon Apr 25 21:12:54 2016
Archived Log entry 50534 added for thread 2 sequence 26614 ID 0xff0938b4 dest 1:
Mon Apr 25 21:27:55 2016
RFS[1]: Selected log 31 for thread 2 sequence 26616 dbid -38957701 branch 885904763
Mon Apr 25 21:27:55 2016
Archived Log entry 50536 added for thread 2 sequence 26615 ID 0xff0938b4 dest 1:
Mon Apr 25 21:42:56 2016
RFS[1]: Selected log 25 for thread 2 sequence 26617 dbid -38957701 branch 885904763
Mon Apr 25 21:42:56 2016
Archived Log entry 50538 added for thread 2 sequence 26616 ID 0xff0938b4 dest 1:
Mon Apr 25 21:57:54 2016
RFS[1]: Selected log 31 for thread 2 sequence 26618 dbid -38957701 branch 885904763
Mon Apr 25 21:57:54 2016
Archived Log entry 50540 added for thread 2 sequence 26617 ID 0xff0938b4 dest 1:
Mon Apr 25 22:12:49 2016
RFS[1]: Selected log 25 for thread 2 sequence 26619 dbid -38957701 branch 885904763
Mon Apr 25 22:12:53 2016
Archived Log entry 50542 added for thread 2 sequence 26618 ID 0xff0938b4 dest 1:
Mon Apr 25 22:27:51 2016
RFS[1]: Selected log 31 for thread 2 sequence 26620 dbid -38957701 branch 885904763
Mon Apr 25 22:27:51 2016
Archived Log entry 50544 added for thread 2 sequence 26619 ID 0xff0938b4 dest 1:
Mon Apr 25 22:42:49 2016
RFS[1]: Selected log 25 for thread 2 sequence 26621 dbid -38957701 branch 885904763
Mon Apr 25 22:42:49 2016
Archived Log entry 50546 added for thread 2 sequence 26620 ID 0xff0938b4 dest 1:
Mon Apr 25 22:57:50 2016
RFS[1]: Selected log 31 for thread 2 sequence 26622 dbid -38957701 branch 885904763
Mon Apr 25 22:57:51 2016
Archived Log entry 50548 added for thread 2 sequence 26621 ID 0xff0938b4 dest 1:
Mon Apr 25 23:12:49 2016
RFS[1]: Selected log 25 for thread 2 sequence 26623 dbid -38957701 branch 885904763
Mon Apr 25 23:12:49 2016
Archived Log entry 50550 added for thread 2 sequence 26622 ID 0xff0938b4 dest 1:
Mon Apr 25 23:27:50 2016
RFS[1]: Selected log 31 for thread 2 sequence 26624 dbid -38957701 branch 885904763
Mon Apr 25 23:27:50 2016
Archived Log entry 50552 added for thread 2 sequence 26623 ID 0xff0938b4 dest 1:
Mon Apr 25 23:42:51 2016
RFS[1]: Selected log 25 for thread 2 sequence 26625 dbid -38957701 branch 885904763
Mon Apr 25 23:42:51 2016
Archived Log entry 50554 added for thread 2 sequence 26624 ID 0xff0938b4 dest 1:
Mon Apr 25 23:57:49 2016
RFS[1]: Selected log 31 for thread 2 sequence 26626 dbid -38957701 branch 885904763
Mon Apr 25 23:57:50 2016
Archived Log entry 50556 added for thread 2 sequence 26625 ID 0xff0938b4 dest 1:
Tue Apr 26 00:12:50 2016
RFS[1]: Selected log 25 for thread 2 sequence 26627 dbid -38957701 branch 885904763
Tue Apr 26 00:12:50 2016
Archived Log entry 50558 added for thread 2 sequence 26626 ID 0xff0938b4 dest 1:
Tue Apr 26 00:27:49 2016
RFS[1]: Selected log 31 for thread 2 sequence 26628 dbid -38957701 branch 885904763
Tue Apr 26 00:27:49 2016
Archived Log entry 50560 added for thread 2 sequence 26627 ID 0xff0938b4 dest 1:
Tue Apr 26 00:42:47 2016
RFS[1]: Selected log 25 for thread 2 sequence 26629 dbid -38957701 branch 885904763
Tue Apr 26 00:42:47 2016
Archived Log entry 50562 added for thread 2 sequence 26628 ID 0xff0938b4 dest 1:
Tue Apr 26 00:57:45 2016
RFS[1]: Selected log 31 for thread 2 sequence 26630 dbid -38957701 branch 885904763
Tue Apr 26 00:57:45 2016
Archived Log entry 50564 added for thread 2 sequence 26629 ID 0xff0938b4 dest 1:
Tue Apr 26 01:12:44 2016
RFS[1]: Selected log 25 for thread 2 sequence 26631 dbid -38957701 branch 885904763
Tue Apr 26 01:12:44 2016
Archived Log entry 50566 added for thread 2 sequence 26630 ID 0xff0938b4 dest 1:
Tue Apr 26 01:27:45 2016
RFS[1]: Selected log 31 for thread 2 sequence 26632 dbid -38957701 branch 885904763
Tue Apr 26 01:27:45 2016
Archived Log entry 50568 added for thread 2 sequence 26631 ID 0xff0938b4 dest 1:
Tue Apr 26 01:42:46 2016
RFS[1]: Selected log 25 for thread 2 sequence 26633 dbid -38957701 branch 885904763
Tue Apr 26 01:42:46 2016
Archived Log entry 50570 added for thread 2 sequence 26632 ID 0xff0938b4 dest 1:
Tue Apr 26 01:57:45 2016
RFS[1]: Selected log 31 for thread 2 sequence 26634 dbid -38957701 branch 885904763
Tue Apr 26 01:57:45 2016
Archived Log entry 50572 added for thread 2 sequence 26633 ID 0xff0938b4 dest 1:
Tue Apr 26 02:12:46 2016
RFS[1]: Selected log 25 for thread 2 sequence 26635 dbid -38957701 branch 885904763
Tue Apr 26 02:12:46 2016
Archived Log entry 50574 added for thread 2 sequence 26634 ID 0xff0938b4 dest 1:
Tue Apr 26 02:27:44 2016
RFS[1]: Selected log 31 for thread 2 sequence 26636 dbid -38957701 branch 885904763
Tue Apr 26 02:27:44 2016
Archived Log entry 50576 added for thread 2 sequence 26635 ID 0xff0938b4 dest 1:
Tue Apr 26 02:42:45 2016
RFS[1]: Selected log 25 for thread 2 sequence 26637 dbid -38957701 branch 885904763
Tue Apr 26 02:42:45 2016
Archived Log entry 50578 added for thread 2 sequence 26636 ID 0xff0938b4 dest 1:
Tue Apr 26 02:57:47 2016
RFS[1]: Selected log 31 for thread 2 sequence 26638 dbid -38957701 branch 885904763
Tue Apr 26 02:57:47 2016
Archived Log entry 50580 added for thread 2 sequence 26637 ID 0xff0938b4 dest 1:
Tue Apr 26 03:12:45 2016
RFS[1]: Selected log 25 for thread 2 sequence 26639 dbid -38957701 branch 885904763
Tue Apr 26 03:12:45 2016
Archived Log entry 50582 added for thread 2 sequence 26638 ID 0xff0938b4 dest 1:
Tue Apr 26 03:27:46 2016
RFS[1]: Selected log 31 for thread 2 sequence 26640 dbid -38957701 branch 885904763
Tue Apr 26 03:27:46 2016
Archived Log entry 50584 added for thread 2 sequence 26639 ID 0xff0938b4 dest 1:
Tue Apr 26 03:42:47 2016
RFS[1]: Selected log 25 for thread 2 sequence 26641 dbid -38957701 branch 885904763
Tue Apr 26 03:42:47 2016
Archived Log entry 50586 added for thread 2 sequence 26640 ID 0xff0938b4 dest 1:
Tue Apr 26 03:57:46 2016
RFS[1]: Selected log 31 for thread 2 sequence 26642 dbid -38957701 branch 885904763
Tue Apr 26 03:57:46 2016
Archived Log entry 50588 added for thread 2 sequence 26641 ID 0xff0938b4 dest 1:
Tue Apr 26 04:12:47 2016
RFS[1]: Selected log 25 for thread 2 sequence 26643 dbid -38957701 branch 885904763
Tue Apr 26 04:12:47 2016
Archived Log entry 50590 added for thread 2 sequence 26642 ID 0xff0938b4 dest 1:
Tue Apr 26 04:27:48 2016
RFS[1]: Selected log 31 for thread 2 sequence 26644 dbid -38957701 branch 885904763
Tue Apr 26 04:27:48 2016
Archived Log entry 50592 added for thread 2 sequence 26643 ID 0xff0938b4 dest 1:
Tue Apr 26 04:42:46 2016
RFS[1]: Selected log 25 for thread 2 sequence 26645 dbid -38957701 branch 885904763
Tue Apr 26 04:42:46 2016
Archived Log entry 50594 added for thread 2 sequence 26644 ID 0xff0938b4 dest 1:
Tue Apr 26 04:57:46 2016
RFS[1]: Selected log 31 for thread 2 sequence 26646 dbid -38957701 branch 885904763
Tue Apr 26 04:57:47 2016
Archived Log entry 50596 added for thread 2 sequence 26645 ID 0xff0938b4 dest 1:
Tue Apr 26 05:12:48 2016
RFS[1]: Selected log 25 for thread 2 sequence 26647 dbid -38957701 branch 885904763
Tue Apr 26 05:12:48 2016
Archived Log entry 50598 added for thread 2 sequence 26646 ID 0xff0938b4 dest 1:
Tue Apr 26 05:27:46 2016
RFS[1]: Selected log 31 for thread 2 sequence 26648 dbid -38957701 branch 885904763
Tue Apr 26 05:27:46 2016
Archived Log entry 50600 added for thread 2 sequence 26647 ID 0xff0938b4 dest 1:
Tue Apr 26 05:42:47 2016
RFS[1]: Selected log 25 for thread 2 sequence 26649 dbid -38957701 branch 885904763
Tue Apr 26 05:42:47 2016
Archived Log entry 50602 added for thread 2 sequence 26648 ID 0xff0938b4 dest 1:
Tue Apr 26 05:57:48 2016
RFS[1]: Selected log 31 for thread 2 sequence 26650 dbid -38957701 branch 885904763
Tue Apr 26 05:57:48 2016
Archived Log entry 50604 added for thread 2 sequence 26649 ID 0xff0938b4 dest 1:
Tue Apr 26 06:12:49 2016
RFS[1]: Selected log 25 for thread 2 sequence 26651 dbid -38957701 branch 885904763
Tue Apr 26 06:12:49 2016
Archived Log entry 50606 added for thread 2 sequence 26650 ID 0xff0938b4 dest 1:
Tue Apr 26 06:27:47 2016
RFS[1]: Selected log 31 for thread 2 sequence 26652 dbid -38957701 branch 885904763
Tue Apr 26 06:27:47 2016
Archived Log entry 50608 added for thread 2 sequence 26651 ID 0xff0938b4 dest 1:
Tue Apr 26 06:42:48 2016
RFS[1]: Selected log 25 for thread 2 sequence 26653 dbid -38957701 branch 885904763
Tue Apr 26 06:42:48 2016
Archived Log entry 50610 added for thread 2 sequence 26652 ID 0xff0938b4 dest 1:
Tue Apr 26 06:57:49 2016
RFS[1]: Selected log 31 for thread 2 sequence 26654 dbid -38957701 branch 885904763
Tue Apr 26 06:57:49 2016
Archived Log entry 50612 added for thread 2 sequence 26653 ID 0xff0938b4 dest 1:
Tue Apr 26 07:12:47 2016
RFS[1]: Selected log 25 for thread 2 sequence 26655 dbid -38957701 branch 885904763
Tue Apr 26 07:12:47 2016
Archived Log entry 50614 added for thread 2 sequence 26654 ID 0xff0938b4 dest 1:
Tue Apr 26 07:27:49 2016
RFS[1]: Selected log 31 for thread 2 sequence 26656 dbid -38957701 branch 885904763
Tue Apr 26 07:27:49 2016
Archived Log entry 50616 added for thread 2 sequence 26655 ID 0xff0938b4 dest 1:
Tue Apr 26 07:42:50 2016
RFS[1]: Selected log 25 for thread 2 sequence 26657 dbid -38957701 branch 885904763
Tue Apr 26 07:42:50 2016
Archived Log entry 50618 added for thread 2 sequence 26656 ID 0xff0938b4 dest 1:
Tue Apr 26 07:57:48 2016
RFS[1]: Selected log 31 for thread 2 sequence 26658 dbid -38957701 branch 885904763
Tue Apr 26 07:57:48 2016
Archived Log entry 50620 added for thread 2 sequence 26657 ID 0xff0938b4 dest 1:
Tue Apr 26 08:12:49 2016
RFS[1]: Selected log 25 for thread 2 sequence 26659 dbid -38957701 branch 885904763
Tue Apr 26 08:12:49 2016
Archived Log entry 50622 added for thread 2 sequence 26658 ID 0xff0938b4 dest 1:
Tue Apr 26 08:27:50 2016
RFS[1]: Selected log 31 for thread 2 sequence 26660 dbid -38957701 branch 885904763
Tue Apr 26 08:27:50 2016
Archived Log entry 50624 added for thread 2 sequence 26659 ID 0xff0938b4 dest 1:
Tue Apr 26 08:42:48 2016
RFS[1]: Selected log 25 for thread 2 sequence 26661 dbid -38957701 branch 885904763
Tue Apr 26 08:42:48 2016
Archived Log entry 50626 added for thread 2 sequence 26660 ID 0xff0938b4 dest 1:
Tue Apr 26 08:57:49 2016
RFS[1]: Selected log 31 for thread 2 sequence 26662 dbid -38957701 branch 885904763
Tue Apr 26 08:57:49 2016
Archived Log entry 50628 added for thread 2 sequence 26661 ID 0xff0938b4 dest 1:
Tue Apr 26 09:12:50 2016
RFS[1]: Selected log 25 for thread 2 sequence 26663 dbid -38957701 branch 885904763
Tue Apr 26 09:12:50 2016
Archived Log entry 50630 added for thread 2 sequence 26662 ID 0xff0938b4 dest 1:
Tue Apr 26 09:27:48 2016
RFS[1]: Selected log 31 for thread 2 sequence 26664 dbid -38957701 branch 885904763
Tue Apr 26 09:27:48 2016
Archived Log entry 50632 added for thread 2 sequence 26663 ID 0xff0938b4 dest 1:
Tue Apr 26 09:42:49 2016
RFS[1]: Selected log 25 for thread 2 sequence 26665 dbid -38957701 branch 885904763
Tue Apr 26 09:42:49 2016
Archived Log entry 50634 added for thread 2 sequence 26664 ID 0xff0938b4 dest 1:
Tue Apr 26 09:57:50 2016
RFS[1]: Selected log 31 for thread 2 sequence 26666 dbid -38957701 branch 885904763
Tue Apr 26 09:57:51 2016
Archived Log entry 50636 added for thread 2 sequence 26665 ID 0xff0938b4 dest 1:
Tue Apr 26 10:12:48 2016
RFS[1]: Selected log 25 for thread 2 sequence 26667 dbid -38957701 branch 885904763
Tue Apr 26 10:12:48 2016
Archived Log entry 50638 added for thread 2 sequence 26666 ID 0xff0938b4 dest 1:
Tue Apr 26 10:27:49 2016
RFS[1]: Selected log 31 for thread 2 sequence 26668 dbid -38957701 branch 885904763
Tue Apr 26 10:27:50 2016
Archived Log entry 50640 added for thread 2 sequence 26667 ID 0xff0938b4 dest 1:
Tue Apr 26 10:42:50 2016
RFS[1]: Selected log 25 for thread 2 sequence 26669 dbid -38957701 branch 885904763
Tue Apr 26 10:42:51 2016
Archived Log entry 50642 added for thread 2 sequence 26668 ID 0xff0938b4 dest 1:
Tue Apr 26 10:57:52 2016
RFS[1]: Selected log 31 for thread 2 sequence 26670 dbid -38957701 branch 885904763
Tue Apr 26 10:57:52 2016
Archived Log entry 50644 added for thread 2 sequence 26669 ID 0xff0938b4 dest 1:
Tue Apr 26 11:12:50 2016
RFS[1]: Selected log 25 for thread 2 sequence 26671 dbid -38957701 branch 885904763
Tue Apr 26 11:12:50 2016
Archived Log entry 50646 added for thread 2 sequence 26670 ID 0xff0938b4 dest 1:
Tue Apr 26 11:27:51 2016
RFS[1]: Selected log 31 for thread 2 sequence 26672 dbid -38957701 branch 885904763
Tue Apr 26 11:27:51 2016
Archived Log entry 50648 added for thread 2 sequence 26671 ID 0xff0938b4 dest 1:
Tue Apr 26 11:42:49 2016
RFS[1]: Selected log 25 for thread 2 sequence 26673 dbid -38957701 branch 885904763
Tue Apr 26 11:42:49 2016
Archived Log entry 50650 added for thread 2 sequence 26672 ID 0xff0938b4 dest 1:
Tue Apr 26 11:57:50 2016
RFS[1]: Selected log 31 for thread 2 sequence 26674 dbid -38957701 branch 885904763
Tue Apr 26 11:57:51 2016
Archived Log entry 50652 added for thread 2 sequence 26673 ID 0xff0938b4 dest 1:
Tue Apr 26 12:12:51 2016
RFS[1]: Selected log 25 for thread 2 sequence 26675 dbid -38957701 branch 885904763
Tue Apr 26 12:12:52 2016
Archived Log entry 50654 added for thread 2 sequence 26674 ID 0xff0938b4 dest 1:
Tue Apr 26 12:27:50 2016
RFS[1]: Selected log 31 for thread 2 sequence 26676 dbid -38957701 branch 885904763
Tue Apr 26 12:27:50 2016
Archived Log entry 50656 added for thread 2 sequence 26675 ID 0xff0938b4 dest 1:
Tue Apr 26 12:42:51 2016
RFS[1]: Selected log 25 for thread 2 sequence 26677 dbid -38957701 branch 885904763
Tue Apr 26 12:42:51 2016
Archived Log entry 50658 added for thread 2 sequence 26676 ID 0xff0938b4 dest 1:
Tue Apr 26 12:57:52 2016
RFS[1]: Selected log 31 for thread 2 sequence 26678 dbid -38957701 branch 885904763
Tue Apr 26 12:57:52 2016
Archived Log entry 50660 added for thread 2 sequence 26677 ID 0xff0938b4 dest 1:
Tue Apr 26 13:12:53 2016
RFS[1]: Selected log 25 for thread 2 sequence 26679 dbid -38957701 branch 885904763
Tue Apr 26 13:12:53 2016
Archived Log entry 50662 added for thread 2 sequence 26678 ID 0xff0938b4 dest 1:
